Unity Editor version:    2020.3.19f1 (68f137dc9bbe)
Branch:                  2020.3/staging
Build type:              Release
Batch mode:              YES
macOS version:           Version 11.6 (Build 20G165)
Darwin version:          20.6.0
Architecture:            x86_64
Running under Rosetta:   NO
Available memory:        8192 MB
Using pre-set license
Pro License: NO

COMMAND LINE ARGUMENTS:
/Applications/Unity/Hub/Editor/2020.3.19f1/Unity.app/Contents/MacOS/Unity
-adb2
-batchMode
-noUpm
-name
AssetImportWorker0
-projectPath
/Users/tomasroncak/Documents/NAVPH
-logFile
Logs/AssetImportWorker0.log
-srvPort
58421
Successfully changed project path to: /Users/tomasroncak/Documents/NAVPH
/Users/tomasroncak/Documents/NAVPH
Using Asset Import Pipeline V2.
Refreshing native plugins compatible for Editor in 110.46 ms, found 2 plugins.
Preloading 0 native plugins for Editor in 0.00 ms.
Initialize engine version: 2020.3.19f1 (68f137dc9bbe)
[Subsystems] Discovering subsystems at path /Applications/Unity/Hub/Editor/2020.3.19f1/Unity.app/Contents/Resources/UnitySubsystems
[Subsystems] Discovering subsystems at path /Users/tomasroncak/Documents/NAVPH/Assets
GfxDevice: creating device client; threaded=0
2021-12-18 15:48:14.954 Unity[93005:5565563] Color LCD preferred device: Intel(R) Iris(TM) Graphics 550 (low power)
2021-12-18 15:48:14.954 Unity[93005:5565563] Metal devices available: 1
2021-12-18 15:48:14.954 Unity[93005:5565563] 0: Intel(R) Iris(TM) Graphics 550 (low power)
2021-12-18 15:48:14.954 Unity[93005:5565563] Using device Intel(R) Iris(TM) Graphics 550 (low power)
Initializing Metal device caps: Intel(R) Iris(TM) Graphics 550
Initialize mono
Mono path[0] = '/Applications/Unity/Hub/Editor/2020.3.19f1/Unity.app/Contents/Managed'
Mono path[1] = '/Applications/Unity/Hub/Editor/2020.3.19f1/Unity.app/Contents/MonoBleedingEdge/lib/mono/unityjit'
Mono config path = '/Applications/Unity/Hub/Editor/2020.3.19f1/Unity.app/Contents/MonoBleedingEdge/etc'
Using monoOptions --debugger-agent=transport=dt_socket,embedding=1,server=y,suspend=n,address=127.0.0.1:56005
Begin MonoManager ReloadAssembly
Registering precompiled unity dll's ...
Register platform support module: /Applications/Unity/Hub/Editor/2020.3.19f1/PlaybackEngines/WebGLSupport/UnityEditor.WebGL.Extensions.dll
Register platform support module: /Applications/Unity/Hub/Editor/2020.3.19f1/Unity.app/Contents/PlaybackEngines/MacStandaloneSupport/UnityEditor.OSXStandalone.Extensions.dll
Registered in 0.006153 seconds.
Native extension for OSXStandalone target not found
Native extension for WebGL target not found
Refreshing native plugins compatible for Editor in 83.40 ms, found 2 plugins.
Preloading 0 native plugins for Editor in 0.00 ms.
Mono: successfully reloaded assembly
- Completed reload, in  3.132 seconds
Domain Reload Profiling:
	ReloadAssembly (3133ms)
		BeginReloadAssembly (72ms)
			ExecutionOrderSort (0ms)
			DisableScriptedObjects (0ms)
			BackupInstance (0ms)
			ReleaseScriptingObjects (0ms)
			CreateAndSetChildDomain (2ms)
		EndReloadAssembly (816ms)
			LoadAssemblies (81ms)
			RebuildTransferFunctionScriptingTraits (0ms)
			SetupTypeCache (335ms)
			ReleaseScriptCaches (0ms)
			RebuildScriptCaches (52ms)
			SetupLoadedEditorAssemblies (343ms)
				LogAssemblyErrors (0ms)
				InitializePlatformSupportModulesInManaged (6ms)
				SetLoadedEditorAssemblies (0ms)
				RefreshPlugins (83ms)
				BeforeProcessingInitializeOnLoad (42ms)
				ProcessInitializeOnLoadAttributes (165ms)
				ProcessInitializeOnLoadMethodAttributes (46ms)
				AfterProcessingInitializeOnLoad (0ms)
				EditorAssembliesLoaded (0ms)
			ExecutionOrderSort2 (0ms)
			AwakeInstancesAfterBackupRestoration (0ms)
Platform modules already initialized, skipping
Registering precompiled user dll's ...
Registered in 0.009734 seconds.
Begin MonoManager ReloadAssembly
Native extension for OSXStandalone target not found
Native extension for WebGL target not found
Refreshing native plugins compatible for Editor in 1.03 ms, found 2 plugins.
Preloading 0 native plugins for Editor in 0.00 ms.
Mono: successfully reloaded assembly
- Completed reload, in  2.564 seconds
Domain Reload Profiling:
	ReloadAssembly (2565ms)
		BeginReloadAssembly (224ms)
			ExecutionOrderSort (0ms)
			DisableScriptedObjects (6ms)
			BackupInstance (0ms)
			ReleaseScriptingObjects (0ms)
			CreateAndSetChildDomain (44ms)
		EndReloadAssembly (2244ms)
			LoadAssemblies (219ms)
			RebuildTransferFunctionScriptingTraits (0ms)
			SetupTypeCache (682ms)
			ReleaseScriptCaches (1ms)
			RebuildScriptCaches (148ms)
			SetupLoadedEditorAssemblies (914ms)
				LogAssemblyErrors (0ms)
				InitializePlatformSupportModulesInManaged (13ms)
				SetLoadedEditorAssemblies (1ms)
				RefreshPlugins (1ms)
				BeforeProcessingInitializeOnLoad (170ms)
				ProcessInitializeOnLoadAttributes (720ms)
				ProcessInitializeOnLoadMethodAttributes (6ms)
				AfterProcessingInitializeOnLoad (2ms)
				EditorAssembliesLoaded (0ms)
			ExecutionOrderSort2 (0ms)
			AwakeInstancesAfterBackupRestoration (10ms)
Platform modules already initialized, skipping
Validating Project structure ... 0.100488 seconds.
Shader import version has changed; will reimport all shaders...
Upgrading shader files ...0.112511 seconds.
Application.AssetDatabase Initial Script Refresh Start
RefreshInfo: InitialScriptRefreshV2(NoUpdateAssetOptions) scanfilter:  ... 1 filters
RefreshProfiler: Total: 0.000ms
Application.AssetDatabase Initial Script Refresh End
Application.AssetDatabase.Refresh Start
Application.AssetDatabase.Refresh End
RefreshInfo: StopAssetImportingV2(ForceSynchronousImport) scanfilter: 
RefreshProfiler: Total: 0.000ms
Launching external process: /Applications/Unity/Hub/Editor/2020.3.19f1/Unity.app/Contents/Tools/UnityShaderCompiler
Launched and connected shader compiler UnityShaderCompiler after 0.04 seconds
Initializing Unity extensions:
========================================================================
Worker process is ready to serve import requests
Refreshing native plugins compatible for Editor in 0.72 ms, found 2 plugins.
Preloading 0 native plugins for Editor in 0.00 ms.
Unloading 1859 Unused Serialized files (Serialized files now loaded: 0)
System memory in use before: 292.7 MB.
System memory in use after: 292.5 MB.

Unloading 232 unused Assets to reduce memory usage. Loaded Objects now: 2365.
Total: 4.805755 ms (FindLiveObjects: 0.337877 ms CreateObjectMapping: 0.127025 ms MarkObjects: 3.862672 ms  DeleteObjects: 0.476800 ms)

AssetImportParameters requested are different than current active one (requested -> active):
  custom:video-decoder-ogg-theora: a1e56fd34408186e4bbccfd4996cb3dc -> 
  custom:container-muxer-webm: aa71ff27fc2769a1b78a27578f13a17b -> 
  custom:container-demuxer-webm: 4f35f7cbe854078d1ac9338744f61a02 -> 
  custom:container-demuxer-ogg: 62fdf1f143b41e24485cea50d1cbac27 -> 
  custom:video-encoder-webm-vp8: eb34c28f22e8b96e1ab97ce403110664 -> 
  custom:framework-osx-AVFoundation: e770b220cccbd017edd2c1fefb359320 -> 
  custom:video-decoder-webm-vp8: 9c59270c3fd7afecdb556c50c9e8de78 -> 
  custom:audio-decoder-ogg-vorbis: bf7c407c2cedff20999df2af8eb42d56 -> 
  custom:audio-encoder-webm-vorbis: bf7c407c2cedff20999df2af8eb42d56 -> 
========================================================================
Received Import Request.
  path: Assets/Game/Prefabs/LevelObjects/Hallways/Hallway_With_Door.prefab
  artifactKey: Guid(81a9e75ddfc004906811d000cb1e0704) Importer(815301076,1909f56bfc062723c751e8b465ee728b)
Start importing Assets/Game/Prefabs/LevelObjects/Hallways/Hallway_With_Door.prefab using Guid(81a9e75ddfc004906811d000cb1e0704) Importer(815301076,1909f56bfc062723c751e8b465ee728b)  -> (artifact id: '51efa1390aa655f756e1e07655132a91') in 2.004570 seconds 
  Import took 2.015999 seconds .

========================================================================
Received Import Request.
  Time since last request: 13.422892 seconds.
  path: Assets/Game/Prefabs/LevelObjects/Hallways/Hallway_With_Door.prefab
  artifactKey: Guid(81a9e75ddfc004906811d000cb1e0704) Importer(815301076,1909f56bfc062723c751e8b465ee728b)
Start importing Assets/Game/Prefabs/LevelObjects/Hallways/Hallway_With_Door.prefab using Guid(81a9e75ddfc004906811d000cb1e0704) Importer(815301076,1909f56bfc062723c751e8b465ee728b)  -> (artifact id: '35ab4943ea6718ef3189ca1c1b7062fa') in 0.126822 seconds 
  Import took 0.139013 seconds .

========================================================================
Received Import Request.
  Time since last request: 57.294226 seconds.
  path: Assets/Game/Prefabs/Levels/Level01.prefab
  artifactKey: Guid(9e997d9ecb92d43d1ba176d6abc46d4a) Importer(815301076,1909f56bfc062723c751e8b465ee728b)
Start importing Assets/Game/Prefabs/Levels/Level01.prefab using Guid(9e997d9ecb92d43d1ba176d6abc46d4a) Importer(815301076,1909f56bfc062723c751e8b465ee728b)  -> (artifact id: '7bf7f6dc1fcce5ad94fef7d62af98294') in 4.221682 seconds 
  Import took 4.395361 seconds .

========================================================================
Received Prepare
Registering precompiled user dll's ...
Registered in 0.004812 seconds.
Begin MonoManager ReloadAssembly
Native extension for OSXStandalone target not found
Native extension for WebGL target not found
Refreshing native plugins compatible for Editor in 0.78 ms, found 2 plugins.
Preloading 0 native plugins for Editor in 0.00 ms.
Mono: successfully reloaded assembly
- Completed reload, in  2.088 seconds
Domain Reload Profiling:
	ReloadAssembly (2088ms)
		BeginReloadAssembly (309ms)
			ExecutionOrderSort (0ms)
			DisableScriptedObjects (10ms)
			BackupInstance (0ms)
			ReleaseScriptingObjects (0ms)
			CreateAndSetChildDomain (183ms)
		EndReloadAssembly (1678ms)
			LoadAssemblies (133ms)
			RebuildTransferFunctionScriptingTraits (0ms)
			SetupTypeCache (569ms)
			ReleaseScriptCaches (1ms)
			RebuildScriptCaches (78ms)
			SetupLoadedEditorAssemblies (715ms)
				LogAssemblyErrors (0ms)
				InitializePlatformSupportModulesInManaged (10ms)
				SetLoadedEditorAssemblies (1ms)
				RefreshPlugins (1ms)
				BeforeProcessingInitializeOnLoad (174ms)
				ProcessInitializeOnLoadAttributes (521ms)
				ProcessInitializeOnLoadMethodAttributes (6ms)
				AfterProcessingInitializeOnLoad (2ms)
				EditorAssembliesLoaded (0ms)
			ExecutionOrderSort2 (0ms)
			AwakeInstancesAfterBackupRestoration (13ms)
Platform modules already initialized, skipping
Refreshing native plugins compatible for Editor in 0.71 ms, found 2 plugins.
Preloading 0 native plugins for Editor in 0.00 ms.
Unloading 1825 Unused Serialized files (Serialized files now loaded: 0)
System memory in use before: 325.2 MB.
System memory in use after: 325.3 MB.

Unloading 14 unused Assets to reduce memory usage. Loaded Objects now: 2378.
Total: 3.599445 ms (FindLiveObjects: 0.294632 ms CreateObjectMapping: 0.083963 ms MarkObjects: 3.169352 ms  DeleteObjects: 0.050548 ms)

AssetImportParameters requested are different than current active one (requested -> active):
  custom:video-decoder-ogg-theora: a1e56fd34408186e4bbccfd4996cb3dc -> 
  custom:container-muxer-webm: aa71ff27fc2769a1b78a27578f13a17b -> 
  custom:container-demuxer-webm: 4f35f7cbe854078d1ac9338744f61a02 -> 
  custom:container-demuxer-ogg: 62fdf1f143b41e24485cea50d1cbac27 -> 
  custom:video-encoder-webm-vp8: eb34c28f22e8b96e1ab97ce403110664 -> 
  custom:framework-osx-AVFoundation: e770b220cccbd017edd2c1fefb359320 -> 
  custom:video-decoder-webm-vp8: 9c59270c3fd7afecdb556c50c9e8de78 -> 
  custom:audio-decoder-ogg-vorbis: bf7c407c2cedff20999df2af8eb42d56 -> 
  custom:audio-encoder-webm-vorbis: bf7c407c2cedff20999df2af8eb42d56 -> 
========================================================================
Received Import Request.
  Time since last request: 123.207397 seconds.
  path: Assets/Game/Prefabs/Characters/HostageKid.prefab
  artifactKey: Guid(96410906778a54b639a07574b75ebd97) Importer(815301076,1909f56bfc062723c751e8b465ee728b)
Start importing Assets/Game/Prefabs/Characters/HostageKid.prefab using Guid(96410906778a54b639a07574b75ebd97) Importer(815301076,1909f56bfc062723c751e8b465ee728b)  -> (artifact id: '0079cab6191af280cc2a1733f6ab446a') in 1.083498 seconds 
  Import took 1.093239 seconds .

========================================================================
Received Import Request.
  Time since last request: 15.437570 seconds.
  path: Assets/Game/Prefabs/Characters/HostageMan.prefab
  artifactKey: Guid(04b44cf80fc704e14880d4c9a230f018) Importer(815301076,1909f56bfc062723c751e8b465ee728b)
Start importing Assets/Game/Prefabs/Characters/HostageMan.prefab using Guid(04b44cf80fc704e14880d4c9a230f018) Importer(815301076,1909f56bfc062723c751e8b465ee728b)  -> (artifact id: 'c39d5eafebe440f3985bc63de6cb3349') in 0.241220 seconds 
  Import took 0.256186 seconds .

========================================================================
Received Import Request.
  Time since last request: 2.584568 seconds.
  path: Assets/Game/Prefabs/Characters/HostageWoman.prefab
  artifactKey: Guid(9de44e547fc55458fa72754590c6d92b) Importer(815301076,1909f56bfc062723c751e8b465ee728b)
Start importing Assets/Game/Prefabs/Characters/HostageWoman.prefab using Guid(9de44e547fc55458fa72754590c6d92b) Importer(815301076,1909f56bfc062723c751e8b465ee728b)  -> (artifact id: 'fa1032317e15bb7698c2a8e2e8967c95') in 0.170732 seconds 
  Import took 0.180101 seconds .

========================================================================
Received Prepare
Registering precompiled user dll's ...
Registered in 0.002464 seconds.
Begin MonoManager ReloadAssembly
Native extension for OSXStandalone target not found
Native extension for WebGL target not found
Refreshing native plugins compatible for Editor in 1.10 ms, found 2 plugins.
Preloading 0 native plugins for Editor in 0.00 ms.
Mono: successfully reloaded assembly
- Completed reload, in  1.598 seconds
Domain Reload Profiling:
	ReloadAssembly (1599ms)
		BeginReloadAssembly (171ms)
			ExecutionOrderSort (0ms)
			DisableScriptedObjects (6ms)
			BackupInstance (0ms)
			ReleaseScriptingObjects (0ms)
			CreateAndSetChildDomain (89ms)
		EndReloadAssembly (1337ms)
			LoadAssemblies (103ms)
			RebuildTransferFunctionScriptingTraits (0ms)
			SetupTypeCache (437ms)
			ReleaseScriptCaches (1ms)
			RebuildScriptCaches (78ms)
			SetupLoadedEditorAssemblies (510ms)
				LogAssemblyErrors (0ms)
				InitializePlatformSupportModulesInManaged (7ms)
				SetLoadedEditorAssemblies (1ms)
				RefreshPlugins (1ms)
				BeforeProcessingInitializeOnLoad (161ms)
				ProcessInitializeOnLoadAttributes (327ms)
				ProcessInitializeOnLoadMethodAttributes (7ms)
				AfterProcessingInitializeOnLoad (5ms)
				EditorAssembliesLoaded (0ms)
			ExecutionOrderSort2 (0ms)
			AwakeInstancesAfterBackupRestoration (13ms)
Platform modules already initialized, skipping
Refreshing native plugins compatible for Editor in 0.74 ms, found 2 plugins.
Preloading 0 native plugins for Editor in 0.00 ms.
Unloading 1825 Unused Serialized files (Serialized files now loaded: 0)
System memory in use before: 325.3 MB.
System memory in use after: 325.4 MB.

Unloading 12 unused Assets to reduce memory usage. Loaded Objects now: 2381.
Total: 3.295697 ms (FindLiveObjects: 0.220653 ms CreateObjectMapping: 0.070818 ms MarkObjects: 2.979216 ms  DeleteObjects: 0.024083 ms)

AssetImportParameters requested are different than current active one (requested -> active):
  custom:video-decoder-ogg-theora: a1e56fd34408186e4bbccfd4996cb3dc -> 
  custom:container-muxer-webm: aa71ff27fc2769a1b78a27578f13a17b -> 
  custom:container-demuxer-webm: 4f35f7cbe854078d1ac9338744f61a02 -> 
  custom:container-demuxer-ogg: 62fdf1f143b41e24485cea50d1cbac27 -> 
  custom:video-encoder-webm-vp8: eb34c28f22e8b96e1ab97ce403110664 -> 
  custom:framework-osx-AVFoundation: e770b220cccbd017edd2c1fefb359320 -> 
  custom:video-decoder-webm-vp8: 9c59270c3fd7afecdb556c50c9e8de78 -> 
  custom:audio-decoder-ogg-vorbis: bf7c407c2cedff20999df2af8eb42d56 -> 
  custom:audio-encoder-webm-vorbis: bf7c407c2cedff20999df2af8eb42d56 -> 
========================================================================
Received Prepare
Registering precompiled user dll's ...
Registered in 0.002085 seconds.
Begin MonoManager ReloadAssembly
Native extension for OSXStandalone target not found
Native extension for WebGL target not found
Refreshing native plugins compatible for Editor in 1.01 ms, found 2 plugins.
Preloading 0 native plugins for Editor in 0.00 ms.
Mono: successfully reloaded assembly
- Completed reload, in  1.794 seconds
Domain Reload Profiling:
	ReloadAssembly (1795ms)
		BeginReloadAssembly (191ms)
			ExecutionOrderSort (0ms)
			DisableScriptedObjects (7ms)
			BackupInstance (0ms)
			ReleaseScriptingObjects (0ms)
			CreateAndSetChildDomain (93ms)
		EndReloadAssembly (1490ms)
			LoadAssemblies (127ms)
			RebuildTransferFunctionScriptingTraits (0ms)
			SetupTypeCache (539ms)
			ReleaseScriptCaches (1ms)
			RebuildScriptCaches (115ms)
			SetupLoadedEditorAssemblies (515ms)
				LogAssemblyErrors (0ms)
				InitializePlatformSupportModulesInManaged (9ms)
				SetLoadedEditorAssemblies (1ms)
				RefreshPlugins (1ms)
				BeforeProcessingInitializeOnLoad (164ms)
				ProcessInitializeOnLoadAttributes (331ms)
				ProcessInitializeOnLoadMethodAttributes (7ms)
				AfterProcessingInitializeOnLoad (2ms)
				EditorAssembliesLoaded (0ms)
			ExecutionOrderSort2 (0ms)
			AwakeInstancesAfterBackupRestoration (12ms)
Platform modules already initialized, skipping
Refreshing native plugins compatible for Editor in 0.78 ms, found 2 plugins.
Preloading 0 native plugins for Editor in 0.00 ms.
Unloading 1825 Unused Serialized files (Serialized files now loaded: 0)
System memory in use before: 325.5 MB.
System memory in use after: 325.6 MB.

Unloading 11 unused Assets to reduce memory usage. Loaded Objects now: 2383.
Total: 4.209777 ms (FindLiveObjects: 0.322309 ms CreateObjectMapping: 0.121517 ms MarkObjects: 3.742649 ms  DeleteObjects: 0.021843 ms)

AssetImportParameters requested are different than current active one (requested -> active):
  custom:video-decoder-ogg-theora: a1e56fd34408186e4bbccfd4996cb3dc -> 
  custom:container-muxer-webm: aa71ff27fc2769a1b78a27578f13a17b -> 
  custom:container-demuxer-webm: 4f35f7cbe854078d1ac9338744f61a02 -> 
  custom:container-demuxer-ogg: 62fdf1f143b41e24485cea50d1cbac27 -> 
  custom:video-encoder-webm-vp8: eb34c28f22e8b96e1ab97ce403110664 -> 
  custom:framework-osx-AVFoundation: e770b220cccbd017edd2c1fefb359320 -> 
  custom:video-decoder-webm-vp8: 9c59270c3fd7afecdb556c50c9e8de78 -> 
  custom:audio-decoder-ogg-vorbis: bf7c407c2cedff20999df2af8eb42d56 -> 
  custom:audio-encoder-webm-vorbis: bf7c407c2cedff20999df2af8eb42d56 -> 
========================================================================
Received Import Request.
  Time since last request: 65.677405 seconds.
  path: Assets/Scripts/NPC/Hostage/HostageEscapePoint.cs
  artifactKey: Guid(983504abd9cad49f7ac0f5c1cd3c5eb5) Importer(815301076,1909f56bfc062723c751e8b465ee728b)
Start importing Assets/Scripts/NPC/Hostage/HostageEscapePoint.cs using Guid(983504abd9cad49f7ac0f5c1cd3c5eb5) Importer(815301076,1909f56bfc062723c751e8b465ee728b)  -> (artifact id: '2e4cadf1f2a99e7289572148b2279a6a') in 0.690207 seconds 
  Import took 0.701611 seconds .

========================================================================
Received Import Request.
  Time since last request: 0.977207 seconds.
  path: Assets/Scripts/NPC/Hostage/HostageController.cs
  artifactKey: Guid(3f739b95b23cb43d49b74b9bc5662937) Importer(815301076,1909f56bfc062723c751e8b465ee728b)
Start importing Assets/Scripts/NPC/Hostage/HostageController.cs using Guid(3f739b95b23cb43d49b74b9bc5662937) Importer(815301076,1909f56bfc062723c751e8b465ee728b)  -> (artifact id: '25e545154820579a20ecc56ed7c32585') in 0.004626 seconds 
  Import took 0.021231 seconds .

========================================================================
Received Import Request.
  Time since last request: 1.619180 seconds.
  path: Assets/Scripts/NPC/Hostage/HostageSpawn.cs
  artifactKey: Guid(8ff6d400fab22489b92549a1d0de50d2) Importer(815301076,1909f56bfc062723c751e8b465ee728b)
Start importing Assets/Scripts/NPC/Hostage/HostageSpawn.cs using Guid(8ff6d400fab22489b92549a1d0de50d2) Importer(815301076,1909f56bfc062723c751e8b465ee728b)  -> (artifact id: '7233bd531e778c5a0b04ab770bf4f795') in 0.002507 seconds 
  Import took 0.009329 seconds .

========================================================================
Received Import Request.
  Time since last request: 224.999118 seconds.
  path: Assets/Game/Prefabs/LevelObjects/WallWithDoor.prefab
  artifactKey: Guid(01adf3509f3d94dc58bf1a184d8da627) Importer(815301076,1909f56bfc062723c751e8b465ee728b)
Start importing Assets/Game/Prefabs/LevelObjects/WallWithDoor.prefab using Guid(01adf3509f3d94dc58bf1a184d8da627) Importer(815301076,1909f56bfc062723c751e8b465ee728b)  -> (artifact id: '2d887d51ed5a490b85a5a8a4eb2d1e82') in 0.293063 seconds 
  Import took 0.310953 seconds .

========================================================================
Received Import Request.
  Time since last request: 39.816600 seconds.
  path: Assets/Game/Prefabs/Levels/Level01.prefab
  artifactKey: Guid(9e997d9ecb92d43d1ba176d6abc46d4a) Importer(815301076,1909f56bfc062723c751e8b465ee728b)
Start importing Assets/Game/Prefabs/Levels/Level01.prefab using Guid(9e997d9ecb92d43d1ba176d6abc46d4a) Importer(815301076,1909f56bfc062723c751e8b465ee728b)  -> (artifact id: '31053cadd19625626e25bfcc193e734d') in 3.903260 seconds 
  Import took 4.136828 seconds .

========================================================================
Received Import Request.
  Time since last request: 0.000730 seconds.
  path: Assets/Game/Prefabs/Levels/Level02.prefab
  artifactKey: Guid(46ffd2080a286477182422c8b23d7abc) Importer(815301076,1909f56bfc062723c751e8b465ee728b)
Start importing Assets/Game/Prefabs/Levels/Level02.prefab using Guid(46ffd2080a286477182422c8b23d7abc) Importer(815301076,1909f56bfc062723c751e8b465ee728b)  -> (artifact id: '696c7fadb6d58cc0e0f06c889069cdd2') in 1.593867 seconds 
  Import took 1.684693 seconds .

========================================================================
Received Import Request.
  Time since last request: 154.889938 seconds.
  path: Assets/Game/Prefabs/LevelObjects/Corners/2_way_corner_9x9_A.prefab
  artifactKey: Guid(bad3d0d9100f14b71af0972440973d66) Importer(815301076,1909f56bfc062723c751e8b465ee728b)
Start importing Assets/Game/Prefabs/LevelObjects/Corners/2_way_corner_9x9_A.prefab using Guid(bad3d0d9100f14b71af0972440973d66) Importer(815301076,1909f56bfc062723c751e8b465ee728b)  -> (artifact id: 'bb493e407c37ec4e76ebeb41469c6f4e') in 0.105604 seconds 
  Import took 0.120225 seconds .

========================================================================
Received Import Request.
  Time since last request: 0.000321 seconds.
  path: Assets/Game/Prefabs/LevelObjects/Corners/2_way_corner_9x9_with_connectors_A.prefab
  artifactKey: Guid(906cd07dfae69451dbb7b4b4b977dff5) Importer(815301076,1909f56bfc062723c751e8b465ee728b)
Start importing Assets/Game/Prefabs/LevelObjects/Corners/2_way_corner_9x9_with_connectors_A.prefab using Guid(906cd07dfae69451dbb7b4b4b977dff5) Importer(815301076,1909f56bfc062723c751e8b465ee728b)  -> (artifact id: '56c956eb4ba6641fafc7b1fd4cc89e4b') in 0.104370 seconds 
  Import took 0.119001 seconds .

========================================================================
Received Import Request.
  Time since last request: 5.700485 seconds.
  path: Assets/Game/Prefabs/LevelObjects/Corners/2_way_corner_9x9_with_connectors_A.prefab
  artifactKey: Guid(906cd07dfae69451dbb7b4b4b977dff5) Importer(815301076,1909f56bfc062723c751e8b465ee728b)
Start importing Assets/Game/Prefabs/LevelObjects/Corners/2_way_corner_9x9_with_connectors_A.prefab using Guid(906cd07dfae69451dbb7b4b4b977dff5) Importer(815301076,1909f56bfc062723c751e8b465ee728b)  -> (artifact id: '01596f862687a7c9a0f45fbee4f44865') in 0.118987 seconds 
  Import took 0.135289 seconds .

========================================================================
Received Import Request.
  Time since last request: 6.384883 seconds.
  path: Assets/Game/Prefabs/LevelObjects/Corners/3_way_corner_9x9.prefab
  artifactKey: Guid(30ec0ff199143408d8de66919f6dd924) Importer(815301076,1909f56bfc062723c751e8b465ee728b)
Start importing Assets/Game/Prefabs/LevelObjects/Corners/3_way_corner_9x9.prefab using Guid(30ec0ff199143408d8de66919f6dd924) Importer(815301076,1909f56bfc062723c751e8b465ee728b)  -> (artifact id: 'e247da4cc6595a38d3cdbd344f8cf2b4') in 0.095707 seconds 
  Import took 0.114886 seconds .

========================================================================
Received Import Request.
  Time since last request: 0.000319 seconds.
  path: Assets/Game/Prefabs/LevelObjects/Corners/3_way_corner_9x9_with_connectors_A.prefab
  artifactKey: Guid(6e8c93c91797b4662a9fc3675b189c02) Importer(815301076,1909f56bfc062723c751e8b465ee728b)
Start importing Assets/Game/Prefabs/LevelObjects/Corners/3_way_corner_9x9_with_connectors_A.prefab using Guid(6e8c93c91797b4662a9fc3675b189c02) Importer(815301076,1909f56bfc062723c751e8b465ee728b)  -> (artifact id: '2cbdfeb792e5bc9b106eec19b32144a9') in 0.112994 seconds 
  Import took 0.131966 seconds .

========================================================================
Received Import Request.
  Time since last request: 4.460932 seconds.
  path: Assets/Game/Prefabs/LevelObjects/Corners/3_way_corner_9x9_with_connectors_A.prefab
  artifactKey: Guid(6e8c93c91797b4662a9fc3675b189c02) Importer(815301076,1909f56bfc062723c751e8b465ee728b)
Start importing Assets/Game/Prefabs/LevelObjects/Corners/3_way_corner_9x9_with_connectors_A.prefab using Guid(6e8c93c91797b4662a9fc3675b189c02) Importer(815301076,1909f56bfc062723c751e8b465ee728b)  -> (artifact id: '855d469e59b5b40cb299c6a620989a54') in 0.119830 seconds 
  Import took 0.136995 seconds .

========================================================================
Received Import Request.
  Time since last request: 5.795793 seconds.
  path: Assets/Game/Prefabs/LevelObjects/Corners/4_way_corner_9x9.prefab
  artifactKey: Guid(3639f19a7ac3f40b099572fb6593b395) Importer(815301076,1909f56bfc062723c751e8b465ee728b)
Start importing Assets/Game/Prefabs/LevelObjects/Corners/4_way_corner_9x9.prefab using Guid(3639f19a7ac3f40b099572fb6593b395) Importer(815301076,1909f56bfc062723c751e8b465ee728b)  -> (artifact id: 'f914cc5da5508da667279051768555fb') in 0.100814 seconds 
  Import took 0.116577 seconds .

========================================================================
Received Import Request.
  Time since last request: 0.000370 seconds.
  path: Assets/Game/Prefabs/LevelObjects/Corners/4_way_corner_9x9_with_connectors_A.prefab
  artifactKey: Guid(53f879b28b0344a78bd5eef16875b325) Importer(815301076,1909f56bfc062723c751e8b465ee728b)
Start importing Assets/Game/Prefabs/LevelObjects/Corners/4_way_corner_9x9_with_connectors_A.prefab using Guid(53f879b28b0344a78bd5eef16875b325) Importer(815301076,1909f56bfc062723c751e8b465ee728b)  -> (artifact id: '63e551ce33fed6cf3dbdd99c2221cc81') in 0.124470 seconds 
  Import took 0.141628 seconds .

========================================================================
Received Import Request.
  Time since last request: 4.419048 seconds.
  path: Assets/Game/Prefabs/LevelObjects/Corners/4_way_corner_9x9_with_connectors_A.prefab
  artifactKey: Guid(53f879b28b0344a78bd5eef16875b325) Importer(815301076,1909f56bfc062723c751e8b465ee728b)
Start importing Assets/Game/Prefabs/LevelObjects/Corners/4_way_corner_9x9_with_connectors_A.prefab using Guid(53f879b28b0344a78bd5eef16875b325) Importer(815301076,1909f56bfc062723c751e8b465ee728b)  -> (artifact id: '900d2c1fb114f843941b9ade597dae7e') in 0.144624 seconds 
  Import took 0.193180 seconds .

========================================================================
Received Import Request.
  Time since last request: 60.784214 seconds.
  path: Assets/Game/Prefabs/LevelObjects/Hallways/Hallway_6x6.prefab
  artifactKey: Guid(455c08329ee8d4ad39a2d6c651857ae3) Importer(815301076,1909f56bfc062723c751e8b465ee728b)
Start importing Assets/Game/Prefabs/LevelObjects/Hallways/Hallway_6x6.prefab using Guid(455c08329ee8d4ad39a2d6c651857ae3) Importer(815301076,1909f56bfc062723c751e8b465ee728b)  -> (artifact id: '184ab2182150caada84fd35cf99d52c3') in 0.097896 seconds 
  Import took 0.108758 seconds .

========================================================================
Received Import Request.
  Time since last request: 0.004911 seconds.
  path: Assets/Game/Prefabs/LevelObjects/Hallways/Hallway_12x6.prefab
  artifactKey: Guid(78b7a5e16945843e2803dbbc055e6c70) Importer(815301076,1909f56bfc062723c751e8b465ee728b)
Start importing Assets/Game/Prefabs/LevelObjects/Hallways/Hallway_12x6.prefab using Guid(78b7a5e16945843e2803dbbc055e6c70) Importer(815301076,1909f56bfc062723c751e8b465ee728b)  -> (artifact id: '9e62052c54c83bce15fb61808f0e6139') in 0.065796 seconds 
  Import took 0.081702 seconds .

========================================================================
Received Import Request.
  Time since last request: 0.004062 seconds.
  path: Assets/Game/Prefabs/LevelObjects/Hallways/Hallway_24x6.prefab
  artifactKey: Guid(4d5f28c3cd5d34e2186411fb2b42fbf0) Importer(815301076,1909f56bfc062723c751e8b465ee728b)
Start importing Assets/Game/Prefabs/LevelObjects/Hallways/Hallway_24x6.prefab using Guid(4d5f28c3cd5d34e2186411fb2b42fbf0) Importer(815301076,1909f56bfc062723c751e8b465ee728b)  -> (artifact id: '759d8a852f5470de3081f99b48c1eacb') in 0.105915 seconds 
  Import took 0.124877 seconds .

========================================================================
Received Import Request.
  Time since last request: 0.000527 seconds.
  path: Assets/Game/Prefabs/LevelObjects/Hallways/Hallway_18x6.prefab
  artifactKey: Guid(9f6df15d5a75c4647b710951432ae559) Importer(815301076,1909f56bfc062723c751e8b465ee728b)
Start importing Assets/Game/Prefabs/LevelObjects/Hallways/Hallway_18x6.prefab using Guid(9f6df15d5a75c4647b710951432ae559) Importer(815301076,1909f56bfc062723c751e8b465ee728b)  -> (artifact id: '59b1653ff6ab81ab04181e8792b3be6e') in 0.081452 seconds 
  Import took 0.093478 seconds .

========================================================================
Received Import Request.
  Time since last request: 5.013936 seconds.
  path: Assets/Game/Prefabs/LevelObjects/Hallways/Hallway_12x6.prefab
  artifactKey: Guid(78b7a5e16945843e2803dbbc055e6c70) Importer(815301076,1909f56bfc062723c751e8b465ee728b)
Start importing Assets/Game/Prefabs/LevelObjects/Hallways/Hallway_12x6.prefab using Guid(78b7a5e16945843e2803dbbc055e6c70) Importer(815301076,1909f56bfc062723c751e8b465ee728b)  -> (artifact id: 'a6ee641cbfb9050e246d348549c8a8d8') in 0.077418 seconds 
  Import took 0.089042 seconds .

========================================================================
Received Import Request.
  Time since last request: 0.000506 seconds.
  path: Assets/Game/Prefabs/LevelObjects/Hallways/Hallway_24x6.prefab
  artifactKey: Guid(4d5f28c3cd5d34e2186411fb2b42fbf0) Importer(815301076,1909f56bfc062723c751e8b465ee728b)
Start importing Assets/Game/Prefabs/LevelObjects/Hallways/Hallway_24x6.prefab using Guid(4d5f28c3cd5d34e2186411fb2b42fbf0) Importer(815301076,1909f56bfc062723c751e8b465ee728b)  -> (artifact id: '22b19298c3d0889e58c8c692f948d4ac') in 0.074586 seconds 
  Import took 0.091308 seconds .

========================================================================
Received Import Request.
  Time since last request: 0.000323 seconds.
  path: Assets/Game/Prefabs/LevelObjects/Hallways/Hallway_18x6.prefab
  artifactKey: Guid(9f6df15d5a75c4647b710951432ae559) Importer(815301076,1909f56bfc062723c751e8b465ee728b)
Start importing Assets/Game/Prefabs/LevelObjects/Hallways/Hallway_18x6.prefab using Guid(9f6df15d5a75c4647b710951432ae559) Importer(815301076,1909f56bfc062723c751e8b465ee728b)  -> (artifact id: 'b3cecacba8de4c7ce8b958bb25335657') in 0.072443 seconds 
  Import took 0.083536 seconds .

========================================================================
Received Import Request.
  Time since last request: 4.070089 seconds.
  path: Assets/Game/Prefabs/LevelObjects/Hallways/Hallway_18x6.prefab
  artifactKey: Guid(9f6df15d5a75c4647b710951432ae559) Importer(815301076,1909f56bfc062723c751e8b465ee728b)
Start importing Assets/Game/Prefabs/LevelObjects/Hallways/Hallway_18x6.prefab using Guid(9f6df15d5a75c4647b710951432ae559) Importer(815301076,1909f56bfc062723c751e8b465ee728b)  -> (artifact id: '607cc4a11263062c964577c9a287752e') in 0.072479 seconds 
  Import took 0.083964 seconds .

========================================================================
Received Import Request.
  Time since last request: 4.181995 seconds.
  path: Assets/Game/Prefabs/LevelObjects/Hallways/Hallway_24x6.prefab
  artifactKey: Guid(4d5f28c3cd5d34e2186411fb2b42fbf0) Importer(815301076,1909f56bfc062723c751e8b465ee728b)
Start importing Assets/Game/Prefabs/LevelObjects/Hallways/Hallway_24x6.prefab using Guid(4d5f28c3cd5d34e2186411fb2b42fbf0) Importer(815301076,1909f56bfc062723c751e8b465ee728b)  -> (artifact id: '3116542e0524bc70f7bfe527708b8c05') in 0.089231 seconds 
  Import took 0.103795 seconds .

========================================================================
Received Import Request.
  Time since last request: 7.573654 seconds.
  path: Assets/Game/Prefabs/LevelObjects/Hallways/Hallway_With_Door.prefab
  artifactKey: Guid(81a9e75ddfc004906811d000cb1e0704) Importer(815301076,1909f56bfc062723c751e8b465ee728b)
Start importing Assets/Game/Prefabs/LevelObjects/Hallways/Hallway_With_Door.prefab using Guid(81a9e75ddfc004906811d000cb1e0704) Importer(815301076,1909f56bfc062723c751e8b465ee728b)  -> (artifact id: 'c718c123f89b498e834323cdbcba2952') in 0.113440 seconds 
  Import took 0.131009 seconds .

========================================================================
Received Import Request.
  Time since last request: 6.222205 seconds.
  path: Assets/Game/Prefabs/LevelObjects/Hallways/Hallway_With_Door.prefab
  artifactKey: Guid(81a9e75ddfc004906811d000cb1e0704) Importer(815301076,1909f56bfc062723c751e8b465ee728b)
Start importing Assets/Game/Prefabs/LevelObjects/Hallways/Hallway_With_Door.prefab using Guid(81a9e75ddfc004906811d000cb1e0704) Importer(815301076,1909f56bfc062723c751e8b465ee728b)  -> (artifact id: '759f1feebc2665f0ec39d6826150bb31') in 0.129175 seconds 
  Import took 0.146160 seconds .

========================================================================
Received Import Request.
  Time since last request: 4.270689 seconds.
  path: Assets/Game/Prefabs/LevelObjects/Hallways/Hallway_With_Door.prefab
  artifactKey: Guid(81a9e75ddfc004906811d000cb1e0704) Importer(815301076,1909f56bfc062723c751e8b465ee728b)
Start importing Assets/Game/Prefabs/LevelObjects/Hallways/Hallway_With_Door.prefab using Guid(81a9e75ddfc004906811d000cb1e0704) Importer(815301076,1909f56bfc062723c751e8b465ee728b)  -> (artifact id: 'af236a8beb9f8f1e2a86e298415dcb61') in 0.121914 seconds 
  Import took 0.136017 seconds .

========================================================================
Received Import Request.
  Time since last request: 6.740993 seconds.
  path: Assets/Game/Prefabs/LevelObjects/Hallways/Hallway_With_Door.prefab
  artifactKey: Guid(81a9e75ddfc004906811d000cb1e0704) Importer(815301076,1909f56bfc062723c751e8b465ee728b)
Start importing Assets/Game/Prefabs/LevelObjects/Hallways/Hallway_With_Door.prefab using Guid(81a9e75ddfc004906811d000cb1e0704) Importer(815301076,1909f56bfc062723c751e8b465ee728b)  -> (artifact id: '95f4b7a4c56675eff5c3b19dfb828148') in 0.106493 seconds 
  Import took 0.123037 seconds .

========================================================================
Received Import Request.
  Time since last request: 11.133649 seconds.
  path: Assets/Game/Prefabs/LevelObjects/Floors/Basic_floor.prefab
  artifactKey: Guid(2ccf4c357546d49f69c4402c8181a68b) Importer(815301076,1909f56bfc062723c751e8b465ee728b)
Start importing Assets/Game/Prefabs/LevelObjects/Floors/Basic_floor.prefab using Guid(2ccf4c357546d49f69c4402c8181a68b) Importer(815301076,1909f56bfc062723c751e8b465ee728b)  -> (artifact id: '7fc1fa5cecf311f7ac973790ffeced39') in 0.052061 seconds 
  Import took 0.061857 seconds .

========================================================================
Received Import Request.
  Time since last request: 0.002663 seconds.
  path: Assets/Game/Prefabs/LevelObjects/Floors/Floor_9x9.prefab
  artifactKey: Guid(97e00b32a72944326b801c1870fe1fa5) Importer(815301076,1909f56bfc062723c751e8b465ee728b)
Start importing Assets/Game/Prefabs/LevelObjects/Floors/Floor_9x9.prefab using Guid(97e00b32a72944326b801c1870fe1fa5) Importer(815301076,1909f56bfc062723c751e8b465ee728b)  -> (artifact id: 'e567812cfd3a5594fb44bf1e074d57ce') in 0.049892 seconds 
  Import took 0.060913 seconds .

========================================================================
Received Import Request.
  Time since last request: 0.000373 seconds.
  path: Assets/Game/Prefabs/LevelObjects/Floors/Floor_3x3.prefab
  artifactKey: Guid(4fb9ebc7558d2417682dde6e8f26a535) Importer(815301076,1909f56bfc062723c751e8b465ee728b)
Start importing Assets/Game/Prefabs/LevelObjects/Floors/Floor_3x3.prefab using Guid(4fb9ebc7558d2417682dde6e8f26a535) Importer(815301076,1909f56bfc062723c751e8b465ee728b)  -> (artifact id: 'c84230303e9b8ce3d8143baf569f020c') in 0.028040 seconds 
  Import took 0.036935 seconds .

========================================================================
Received Import Request.
  Time since last request: 0.000554 seconds.
  path: Assets/Game/Prefabs/LevelObjects/Floors/Floor_6x6.prefab
  artifactKey: Guid(69a5d291dd7b2423480223467f21bddb) Importer(815301076,1909f56bfc062723c751e8b465ee728b)
Start importing Assets/Game/Prefabs/LevelObjects/Floors/Floor_6x6.prefab using Guid(69a5d291dd7b2423480223467f21bddb) Importer(815301076,1909f56bfc062723c751e8b465ee728b)  -> (artifact id: 'f203c668250bf89f41d510a5d3e6c2bb') in 0.040681 seconds 
  Import took 0.050551 seconds .

========================================================================
Received Import Request.
  Time since last request: 8.163789 seconds.
  path: Assets/Game/Prefabs/LevelObjects/Floors/Floor_3x3.prefab
  artifactKey: Guid(4fb9ebc7558d2417682dde6e8f26a535) Importer(815301076,1909f56bfc062723c751e8b465ee728b)
Start importing Assets/Game/Prefabs/LevelObjects/Floors/Floor_3x3.prefab using Guid(4fb9ebc7558d2417682dde6e8f26a535) Importer(815301076,1909f56bfc062723c751e8b465ee728b)  -> (artifact id: 'a149840a659365c71e32eb75bea51727') in 0.121675 seconds 
  Import took 0.129174 seconds .

========================================================================
Received Import Request.
  Time since last request: 0.000393 seconds.
  path: Assets/Game/Prefabs/LevelObjects/Floors/Floor_9x9.prefab
  artifactKey: Guid(97e00b32a72944326b801c1870fe1fa5) Importer(815301076,1909f56bfc062723c751e8b465ee728b)
Start importing Assets/Game/Prefabs/LevelObjects/Floors/Floor_9x9.prefab using Guid(97e00b32a72944326b801c1870fe1fa5) Importer(815301076,1909f56bfc062723c751e8b465ee728b)  -> (artifact id: '4121b6d91ed94b52d579a07c64d84436') in 0.061058 seconds 
  Import took 0.076375 seconds .

========================================================================
Received Import Request.
  Time since last request: 0.000391 seconds.
  path: Assets/Game/Prefabs/LevelObjects/Floors/Floor_6x6.prefab
  artifactKey: Guid(69a5d291dd7b2423480223467f21bddb) Importer(815301076,1909f56bfc062723c751e8b465ee728b)
Start importing Assets/Game/Prefabs/LevelObjects/Floors/Floor_6x6.prefab using Guid(69a5d291dd7b2423480223467f21bddb) Importer(815301076,1909f56bfc062723c751e8b465ee728b)  -> (artifact id: '9735c4f041075c8b6422e8f6e1e4e8a6') in 0.075914 seconds 
  Import took 0.096641 seconds .

========================================================================
Received Import Request.
  Time since last request: 40.205966 seconds.
  path: Assets/Game/Prefabs/LevelObjects/Floors/Floor_6x6.prefab
  artifactKey: Guid(69a5d291dd7b2423480223467f21bddb) Importer(815301076,1909f56bfc062723c751e8b465ee728b)
Start importing Assets/Game/Prefabs/LevelObjects/Floors/Floor_6x6.prefab using Guid(69a5d291dd7b2423480223467f21bddb) Importer(815301076,1909f56bfc062723c751e8b465ee728b)  -> (artifact id: '1a936aabcc139d91cb0af11a18befe38') in 0.052161 seconds 
  Import took 0.061942 seconds .

========================================================================
Received Import Request.
  Time since last request: 0.000737 seconds.
  path: Assets/Game/Prefabs/LevelObjects/Floors/Floor_9x9.prefab
  artifactKey: Guid(97e00b32a72944326b801c1870fe1fa5) Importer(815301076,1909f56bfc062723c751e8b465ee728b)
Start importing Assets/Game/Prefabs/LevelObjects/Floors/Floor_9x9.prefab using Guid(97e00b32a72944326b801c1870fe1fa5) Importer(815301076,1909f56bfc062723c751e8b465ee728b)  -> (artifact id: '75aabb48917fa807cb24e6108652c545') in 0.054599 seconds 
  Import took 0.062771 seconds .

========================================================================
Received Import Request.
  Time since last request: 4.407402 seconds.
  path: Assets/Game/Prefabs/LevelObjects/Floors/Floor_9x9.prefab
  artifactKey: Guid(97e00b32a72944326b801c1870fe1fa5) Importer(815301076,1909f56bfc062723c751e8b465ee728b)
Start importing Assets/Game/Prefabs/LevelObjects/Floors/Floor_9x9.prefab using Guid(97e00b32a72944326b801c1870fe1fa5) Importer(815301076,1909f56bfc062723c751e8b465ee728b)  -> (artifact id: 'a99cadbdb4d7565b3e528be8310c8dc5') in 0.075008 seconds 
  Import took 0.084763 seconds .

========================================================================
Received Import Request.
  Time since last request: 106.339270 seconds.
  path: Assets/Game/Prefabs/LevelObjects/Corners/2_way_corner_9x9_A.prefab
  artifactKey: Guid(bad3d0d9100f14b71af0972440973d66) Importer(815301076,1909f56bfc062723c751e8b465ee728b)
Start importing Assets/Game/Prefabs/LevelObjects/Corners/2_way_corner_9x9_A.prefab using Guid(bad3d0d9100f14b71af0972440973d66) Importer(815301076,1909f56bfc062723c751e8b465ee728b)  -> (artifact id: '7b14e3c294311f2ae6ffca2274139296') in 0.075242 seconds 
  Import took 0.087926 seconds .

========================================================================
Received Import Request.
  Time since last request: 0.000463 seconds.
  path: Assets/Game/Prefabs/LevelObjects/Corners/4_way_corner_9x9.prefab
  artifactKey: Guid(3639f19a7ac3f40b099572fb6593b395) Importer(815301076,1909f56bfc062723c751e8b465ee728b)
Start importing Assets/Game/Prefabs/LevelObjects/Corners/4_way_corner_9x9.prefab using Guid(3639f19a7ac3f40b099572fb6593b395) Importer(815301076,1909f56bfc062723c751e8b465ee728b)  -> (artifact id: '77a3fed891c752cc1e3a200351f8db0a') in 0.078698 seconds 
  Import took 0.088137 seconds .

========================================================================
Received Import Request.
  Time since last request: 0.000298 seconds.
  path: Assets/Game/Prefabs/LevelObjects/Corners/4_way_corner_9x9_with_connectors_A.prefab
  artifactKey: Guid(53f879b28b0344a78bd5eef16875b325) Importer(815301076,1909f56bfc062723c751e8b465ee728b)
Start importing Assets/Game/Prefabs/LevelObjects/Corners/4_way_corner_9x9_with_connectors_A.prefab using Guid(53f879b28b0344a78bd5eef16875b325) Importer(815301076,1909f56bfc062723c751e8b465ee728b)  -> (artifact id: 'a4841dcd276842b6b2f268e671402e13') in 0.093153 seconds 
  Import took 0.105469 seconds .

========================================================================
Received Import Request.
  Time since last request: 0.000440 seconds.
  path: Assets/Game/Prefabs/LevelObjects/Corners/3_way_corner_9x9.prefab
  artifactKey: Guid(30ec0ff199143408d8de66919f6dd924) Importer(815301076,1909f56bfc062723c751e8b465ee728b)
Start importing Assets/Game/Prefabs/LevelObjects/Corners/3_way_corner_9x9.prefab using Guid(30ec0ff199143408d8de66919f6dd924) Importer(815301076,1909f56bfc062723c751e8b465ee728b)  -> (artifact id: 'b2f72838bb5315ac695a73935b9af2c3') in 0.078696 seconds 
  Import took 0.089687 seconds .

========================================================================
Received Import Request.
  Time since last request: 0.000356 seconds.
  path: Assets/Game/Prefabs/LevelObjects/Corners/3_way_corner_9x9_with_connectors_A.prefab
  artifactKey: Guid(6e8c93c91797b4662a9fc3675b189c02) Importer(815301076,1909f56bfc062723c751e8b465ee728b)
Start importing Assets/Game/Prefabs/LevelObjects/Corners/3_way_corner_9x9_with_connectors_A.prefab using Guid(6e8c93c91797b4662a9fc3675b189c02) Importer(815301076,1909f56bfc062723c751e8b465ee728b)  -> (artifact id: 'e650be94fc46e07f017cf38efa4ace28') in 0.104938 seconds 
  Import took 0.118272 seconds .

========================================================================
Received Import Request.
  Time since last request: 0.000351 seconds.
  path: Assets/Game/Prefabs/LevelObjects/Corners/2_way_corner_9x9_with_connectors_A.prefab
  artifactKey: Guid(906cd07dfae69451dbb7b4b4b977dff5) Importer(815301076,1909f56bfc062723c751e8b465ee728b)
Start importing Assets/Game/Prefabs/LevelObjects/Corners/2_way_corner_9x9_with_connectors_A.prefab using Guid(906cd07dfae69451dbb7b4b4b977dff5) Importer(815301076,1909f56bfc062723c751e8b465ee728b)  -> (artifact id: '0b510b3f464d428c65a323ee02a07e00') in 0.103079 seconds 
  Import took 0.117151 seconds .

========================================================================
Received Import Request.
  Time since last request: 3.614533 seconds.
  path: Assets/Game/Prefabs/Levels/Level01.prefab
  artifactKey: Guid(9e997d9ecb92d43d1ba176d6abc46d4a) Importer(815301076,1909f56bfc062723c751e8b465ee728b)
Start importing Assets/Game/Prefabs/Levels/Level01.prefab using Guid(9e997d9ecb92d43d1ba176d6abc46d4a) Importer(815301076,1909f56bfc062723c751e8b465ee728b)  -> (artifact id: '20a784fbe99e99b00d63b8f51bd95fdc') in 2.582999 seconds 
  Import took 2.700648 seconds .

========================================================================
Received Import Request.
  Time since last request: 0.000326 seconds.
  path: Assets/Game/Prefabs/Levels/Level02.prefab
  artifactKey: Guid(46ffd2080a286477182422c8b23d7abc) Importer(815301076,1909f56bfc062723c751e8b465ee728b)
Start importing Assets/Game/Prefabs/Levels/Level02.prefab using Guid(46ffd2080a286477182422c8b23d7abc) Importer(815301076,1909f56bfc062723c751e8b465ee728b)  -> (artifact id: '5e3fe02ca0d577da0b340d3fffa1a837') in 1.824484 seconds 
  Import took 1.910423 seconds .

========================================================================
Received Import Request.
  Time since last request: 27.012722 seconds.
  path: Assets/Game/Prefabs/Levels/Level01.prefab
  artifactKey: Guid(9e997d9ecb92d43d1ba176d6abc46d4a) Importer(815301076,1909f56bfc062723c751e8b465ee728b)
Start importing Assets/Game/Prefabs/Levels/Level01.prefab using Guid(9e997d9ecb92d43d1ba176d6abc46d4a) Importer(815301076,1909f56bfc062723c751e8b465ee728b)  -> (artifact id: '61808795e0cabb55669a1dc54aafa01c') in 2.662063 seconds 
  Import took 2.782489 seconds .

========================================================================
Received Import Request.
  Time since last request: 1.945680 seconds.
  path: Assets/Game/Prefabs/Levels/Level01.prefab
  artifactKey: Guid(9e997d9ecb92d43d1ba176d6abc46d4a) Importer(815301076,1909f56bfc062723c751e8b465ee728b)
Start importing Assets/Game/Prefabs/Levels/Level01.prefab using Guid(9e997d9ecb92d43d1ba176d6abc46d4a) Importer(815301076,1909f56bfc062723c751e8b465ee728b)  -> (artifact id: '7d6163bb36a52febb5f390a479f0d9dd') in 1.834415 seconds 
  Import took 1.973486 seconds .

========================================================================
Received Import Request.
  Time since last request: 7.890957 seconds.
  path: Assets/Game/Prefabs/Levels/Level01.prefab
  artifactKey: Guid(9e997d9ecb92d43d1ba176d6abc46d4a) Importer(815301076,1909f56bfc062723c751e8b465ee728b)
Start importing Assets/Game/Prefabs/Levels/Level01.prefab using Guid(9e997d9ecb92d43d1ba176d6abc46d4a) Importer(815301076,1909f56bfc062723c751e8b465ee728b)  -> (artifact id: '20ab0506ef1be0a14ae813e0ce880675') in 1.821233 seconds 
  Import took 1.968125 seconds .

========================================================================
Received Import Request.
  Time since last request: 1.751692 seconds.
  path: Assets/Game/Prefabs/Levels/Level01.prefab
  artifactKey: Guid(9e997d9ecb92d43d1ba176d6abc46d4a) Importer(815301076,1909f56bfc062723c751e8b465ee728b)
Start importing Assets/Game/Prefabs/Levels/Level01.prefab using Guid(9e997d9ecb92d43d1ba176d6abc46d4a) Importer(815301076,1909f56bfc062723c751e8b465ee728b)  -> (artifact id: '8eba556218116bb4371ad39566f90911') in 1.623343 seconds 
  Import took 1.733403 seconds .

========================================================================
Received Import Request.
  Time since last request: 1.203189 seconds.
  path: Assets/Game/Prefabs/Levels/Level01.prefab
  artifactKey: Guid(9e997d9ecb92d43d1ba176d6abc46d4a) Importer(815301076,1909f56bfc062723c751e8b465ee728b)
Start importing Assets/Game/Prefabs/Levels/Level01.prefab using Guid(9e997d9ecb92d43d1ba176d6abc46d4a) Importer(815301076,1909f56bfc062723c751e8b465ee728b)  -> (artifact id: '075a8fac3032856bf0d5c0a40267bbc3') in 2.095292 seconds 
  Import took 2.252036 seconds .

========================================================================
Received Import Request.
  Time since last request: 17.461537 seconds.
  path: Assets/Game/Prefabs/Levels/Level01.prefab
  artifactKey: Guid(9e997d9ecb92d43d1ba176d6abc46d4a) Importer(815301076,1909f56bfc062723c751e8b465ee728b)
Start importing Assets/Game/Prefabs/Levels/Level01.prefab using Guid(9e997d9ecb92d43d1ba176d6abc46d4a) Importer(815301076,1909f56bfc062723c751e8b465ee728b)  -> (artifact id: '21d09e1e152293eaa829dbfedb755ea8') in 1.579279 seconds 
  Import took 1.708663 seconds .

========================================================================
Received Import Request.
  Time since last request: 84.998940 seconds.
  path: Assets/Game/Prefabs/Levels/Level01.prefab
  artifactKey: Guid(9e997d9ecb92d43d1ba176d6abc46d4a) Importer(815301076,1909f56bfc062723c751e8b465ee728b)
Start importing Assets/Game/Prefabs/Levels/Level01.prefab using Guid(9e997d9ecb92d43d1ba176d6abc46d4a) Importer(815301076,1909f56bfc062723c751e8b465ee728b)  -> (artifact id: '730fe2d1f29f4876716b7bab1e596f02') in 1.733072 seconds 
  Import took 1.862518 seconds .

========================================================================
Received Import Request.
  Time since last request: 41.555451 seconds.
  path: Assets/Game/Prefabs/Levels/Level01.prefab
  artifactKey: Guid(9e997d9ecb92d43d1ba176d6abc46d4a) Importer(815301076,1909f56bfc062723c751e8b465ee728b)
Start importing Assets/Game/Prefabs/Levels/Level01.prefab using Guid(9e997d9ecb92d43d1ba176d6abc46d4a) Importer(815301076,1909f56bfc062723c751e8b465ee728b)  -> (artifact id: 'f0b4a69997ccbde0bbb2094a6b018e06') in 1.348976 seconds 
  Import took 1.490813 seconds .

========================================================================
Received Import Request.
  Time since last request: 5.451014 seconds.
  path: Assets/Game/Prefabs/Levels/Level01.prefab
  artifactKey: Guid(9e997d9ecb92d43d1ba176d6abc46d4a) Importer(815301076,1909f56bfc062723c751e8b465ee728b)
Start importing Assets/Game/Prefabs/Levels/Level01.prefab using Guid(9e997d9ecb92d43d1ba176d6abc46d4a) Importer(815301076,1909f56bfc062723c751e8b465ee728b)  -> (artifact id: '0bf5d1e9923a7ce1d16632a9d4ed657c') in 1.479399 seconds 
  Import took 1.610393 seconds .

========================================================================
Received Import Request.
  Time since last request: 6.168973 seconds.
  path: Assets/Game/Prefabs/Levels/Level01.prefab
  artifactKey: Guid(9e997d9ecb92d43d1ba176d6abc46d4a) Importer(815301076,1909f56bfc062723c751e8b465ee728b)
Start importing Assets/Game/Prefabs/Levels/Level01.prefab using Guid(9e997d9ecb92d43d1ba176d6abc46d4a) Importer(815301076,1909f56bfc062723c751e8b465ee728b)  -> (artifact id: '28e8084370548edf44faa332d2cbe9af') in 1.893922 seconds 
  Import took 2.020561 seconds .

========================================================================
Received Import Request.
  Time since last request: 27.963574 seconds.
  path: Assets/Game/Prefabs/Levels/Level01.prefab
  artifactKey: Guid(9e997d9ecb92d43d1ba176d6abc46d4a) Importer(815301076,1909f56bfc062723c751e8b465ee728b)
Start importing Assets/Game/Prefabs/Levels/Level01.prefab using Guid(9e997d9ecb92d43d1ba176d6abc46d4a) Importer(815301076,1909f56bfc062723c751e8b465ee728b)  -> (artifact id: 'adfe781684df11611183c27e7b51c810') in 1.382038 seconds 
  Import took 1.545761 seconds .

========================================================================
Received Import Request.
  Time since last request: 29.411543 seconds.
  path: Assets/Game/Prefabs/Levels/Level01.prefab
  artifactKey: Guid(9e997d9ecb92d43d1ba176d6abc46d4a) Importer(815301076,1909f56bfc062723c751e8b465ee728b)
Start importing Assets/Game/Prefabs/Levels/Level01.prefab using Guid(9e997d9ecb92d43d1ba176d6abc46d4a) Importer(815301076,1909f56bfc062723c751e8b465ee728b)  -> (artifact id: '83dfe3dc05ee7c7ed7ccd8851fb6e7c7') in 1.449157 seconds 
  Import took 1.588325 seconds .

========================================================================
Received Import Request.
  Time since last request: 18.612539 seconds.
  path: Assets/Game/Prefabs/Levels/Level01.prefab
  artifactKey: Guid(9e997d9ecb92d43d1ba176d6abc46d4a) Importer(815301076,1909f56bfc062723c751e8b465ee728b)
Start importing Assets/Game/Prefabs/Levels/Level01.prefab using Guid(9e997d9ecb92d43d1ba176d6abc46d4a) Importer(815301076,1909f56bfc062723c751e8b465ee728b)  -> (artifact id: '8a5e0ff18b0319ab722b8e8a812979cd') in 1.336156 seconds 
  Import took 1.468663 seconds .

========================================================================
Received Import Request.
  Time since last request: 17.256485 seconds.
  path: Assets/Game/Prefabs/Levels/Level01.prefab
  artifactKey: Guid(9e997d9ecb92d43d1ba176d6abc46d4a) Importer(815301076,1909f56bfc062723c751e8b465ee728b)
Start importing Assets/Game/Prefabs/Levels/Level01.prefab using Guid(9e997d9ecb92d43d1ba176d6abc46d4a) Importer(815301076,1909f56bfc062723c751e8b465ee728b)  -> (artifact id: '4161e7f532bf5d4c4caff9793a54a62b') in 1.372926 seconds 
  Import took 1.528985 seconds .

========================================================================
Received Import Request.
  Time since last request: 12.295580 seconds.
  path: Assets/Game/Prefabs/Levels/Level01.prefab
  artifactKey: Guid(9e997d9ecb92d43d1ba176d6abc46d4a) Importer(815301076,1909f56bfc062723c751e8b465ee728b)
Start importing Assets/Game/Prefabs/Levels/Level01.prefab using Guid(9e997d9ecb92d43d1ba176d6abc46d4a) Importer(815301076,1909f56bfc062723c751e8b465ee728b)  -> (artifact id: '000eeb6022827f9ea63bad57a0d9f81e') in 1.315495 seconds 
  Import took 1.415705 seconds .

========================================================================
Received Import Request.
  Time since last request: 23.971477 seconds.
  path: Assets/Game/Prefabs/Levels/Level01.prefab
  artifactKey: Guid(9e997d9ecb92d43d1ba176d6abc46d4a) Importer(815301076,1909f56bfc062723c751e8b465ee728b)
Start importing Assets/Game/Prefabs/Levels/Level01.prefab using Guid(9e997d9ecb92d43d1ba176d6abc46d4a) Importer(815301076,1909f56bfc062723c751e8b465ee728b)  -> (artifact id: 'cb9dd478c5afc3c74cd6645ccd553d23') in 1.278140 seconds 
  Import took 1.419934 seconds .

========================================================================
Received Import Request.
  Time since last request: 7.846509 seconds.
  path: Assets/Game/Prefabs/Levels/Level01.prefab
  artifactKey: Guid(9e997d9ecb92d43d1ba176d6abc46d4a) Importer(815301076,1909f56bfc062723c751e8b465ee728b)
Start importing Assets/Game/Prefabs/Levels/Level01.prefab using Guid(9e997d9ecb92d43d1ba176d6abc46d4a) Importer(815301076,1909f56bfc062723c751e8b465ee728b)  -> (artifact id: '045e038140d10239446bfdf2bf98cb42') in 1.358381 seconds 
  Import took 1.471640 seconds .

========================================================================
Received Import Request.
  Time since last request: 3.490025 seconds.
  path: Assets/Game/Prefabs/Levels/Level01.prefab
  artifactKey: Guid(9e997d9ecb92d43d1ba176d6abc46d4a) Importer(815301076,1909f56bfc062723c751e8b465ee728b)
Start importing Assets/Game/Prefabs/Levels/Level01.prefab using Guid(9e997d9ecb92d43d1ba176d6abc46d4a) Importer(815301076,1909f56bfc062723c751e8b465ee728b)  -> (artifact id: '1c3507f6b79f3ac87d42790443b8dbba') in 1.589955 seconds 
  Import took 1.741225 seconds .

========================================================================
Received Import Request.
  Time since last request: 53.666167 seconds.
  path: Assets/Game/Prefabs/Levels/Level01.prefab
  artifactKey: Guid(9e997d9ecb92d43d1ba176d6abc46d4a) Importer(815301076,1909f56bfc062723c751e8b465ee728b)
Start importing Assets/Game/Prefabs/Levels/Level01.prefab using Guid(9e997d9ecb92d43d1ba176d6abc46d4a) Importer(815301076,1909f56bfc062723c751e8b465ee728b)  -> (artifact id: '6c784d89ddf8213898c564f41e918e66') in 1.310878 seconds 
  Import took 1.440355 seconds .

========================================================================
Received Import Request.
  Time since last request: 17.480486 seconds.
  path: Assets/Game/Prefabs/Levels/Level01.prefab
  artifactKey: Guid(9e997d9ecb92d43d1ba176d6abc46d4a) Importer(815301076,1909f56bfc062723c751e8b465ee728b)
Start importing Assets/Game/Prefabs/Levels/Level01.prefab using Guid(9e997d9ecb92d43d1ba176d6abc46d4a) Importer(815301076,1909f56bfc062723c751e8b465ee728b)  -> (artifact id: 'bdcc3e18e36d87e2f064591d8dd43888') in 1.363441 seconds 
  Import took 1.478898 seconds .

========================================================================
Received Import Request.
  Time since last request: 5.161408 seconds.
  path: Assets/Game/Prefabs/Levels/Level01.prefab
  artifactKey: Guid(9e997d9ecb92d43d1ba176d6abc46d4a) Importer(815301076,1909f56bfc062723c751e8b465ee728b)
Start importing Assets/Game/Prefabs/Levels/Level01.prefab using Guid(9e997d9ecb92d43d1ba176d6abc46d4a) Importer(815301076,1909f56bfc062723c751e8b465ee728b)  -> (artifact id: 'fd9aeb7954352c884fb41ca69f8c785f') in 1.570438 seconds 
  Import took 1.733386 seconds .

========================================================================
Received Import Request.
  Time since last request: 7.427911 seconds.
  path: Assets/Game/Prefabs/Levels/Level01.prefab
  artifactKey: Guid(9e997d9ecb92d43d1ba176d6abc46d4a) Importer(815301076,1909f56bfc062723c751e8b465ee728b)
Start importing Assets/Game/Prefabs/Levels/Level01.prefab using Guid(9e997d9ecb92d43d1ba176d6abc46d4a) Importer(815301076,1909f56bfc062723c751e8b465ee728b)  -> (artifact id: '7ed4f0ce57f1bf41abaddd6822dc723d') in 1.487860 seconds 
  Import took 1.621756 seconds .

========================================================================
Received Import Request.
  Time since last request: 6.107103 seconds.
  path: Assets/Game/Prefabs/Levels/Level01.prefab
  artifactKey: Guid(9e997d9ecb92d43d1ba176d6abc46d4a) Importer(815301076,1909f56bfc062723c751e8b465ee728b)
Start importing Assets/Game/Prefabs/Levels/Level01.prefab using Guid(9e997d9ecb92d43d1ba176d6abc46d4a) Importer(815301076,1909f56bfc062723c751e8b465ee728b)  -> (artifact id: '9af8b521f6333e8f01e210c17ac22f2a') in 1.533066 seconds 
  Import took 1.669405 seconds .

========================================================================
Received Import Request.
  Time since last request: 4.736749 seconds.
  path: Assets/Game/Prefabs/Levels/Level01.prefab
  artifactKey: Guid(9e997d9ecb92d43d1ba176d6abc46d4a) Importer(815301076,1909f56bfc062723c751e8b465ee728b)
Start importing Assets/Game/Prefabs/Levels/Level01.prefab using Guid(9e997d9ecb92d43d1ba176d6abc46d4a) Importer(815301076,1909f56bfc062723c751e8b465ee728b)  -> (artifact id: '08760c772f2867d0cb4b783dd52725ab') in 2.018142 seconds 
  Import took 2.197446 seconds .

========================================================================
Received Import Request.
  Time since last request: 15.702895 seconds.
  path: Assets/Game/Prefabs/Levels/Level01.prefab
  artifactKey: Guid(9e997d9ecb92d43d1ba176d6abc46d4a) Importer(815301076,1909f56bfc062723c751e8b465ee728b)
Start importing Assets/Game/Prefabs/Levels/Level01.prefab using Guid(9e997d9ecb92d43d1ba176d6abc46d4a) Importer(815301076,1909f56bfc062723c751e8b465ee728b)  -> (artifact id: '579054feedabf1caaf624a2c68f5de2f') in 1.809666 seconds 
  Import took 1.929730 seconds .

========================================================================
Received Import Request.
  Time since last request: 1.448929 seconds.
  path: Assets/Game/Prefabs/Levels/Level01.prefab
  artifactKey: Guid(9e997d9ecb92d43d1ba176d6abc46d4a) Importer(815301076,1909f56bfc062723c751e8b465ee728b)
Start importing Assets/Game/Prefabs/Levels/Level01.prefab using Guid(9e997d9ecb92d43d1ba176d6abc46d4a) Importer(815301076,1909f56bfc062723c751e8b465ee728b)  -> (artifact id: '817f6921a521339d349410c1af2dbdc2') in 1.940585 seconds 
  Import took 2.080823 seconds .

========================================================================
Received Import Request.
  Time since last request: 2.640050 seconds.
  path: Assets/Game/Prefabs/Levels/Level01.prefab
  artifactKey: Guid(9e997d9ecb92d43d1ba176d6abc46d4a) Importer(815301076,1909f56bfc062723c751e8b465ee728b)
Start importing Assets/Game/Prefabs/Levels/Level01.prefab using Guid(9e997d9ecb92d43d1ba176d6abc46d4a) Importer(815301076,1909f56bfc062723c751e8b465ee728b)  -> (artifact id: '04b7bacb57e89a5a8a781ccfe959ec9e') in 1.893395 seconds 
  Import took 2.066324 seconds .

========================================================================
Received Import Request.
  Time since last request: 4.862697 seconds.
  path: Assets/Game/Prefabs/Levels/Level01.prefab
  artifactKey: Guid(9e997d9ecb92d43d1ba176d6abc46d4a) Importer(815301076,1909f56bfc062723c751e8b465ee728b)
Start importing Assets/Game/Prefabs/Levels/Level01.prefab using Guid(9e997d9ecb92d43d1ba176d6abc46d4a) Importer(815301076,1909f56bfc062723c751e8b465ee728b)  -> (artifact id: '83965f5a3e6aa5939b98bceff166737d') in 1.332974 seconds 
  Import took 1.458148 seconds .

========================================================================
Received Import Request.
  Time since last request: 28.881327 seconds.
  path: Assets/Game/Prefabs/Levels/Level01.prefab
  artifactKey: Guid(9e997d9ecb92d43d1ba176d6abc46d4a) Importer(815301076,1909f56bfc062723c751e8b465ee728b)
Start importing Assets/Game/Prefabs/Levels/Level01.prefab using Guid(9e997d9ecb92d43d1ba176d6abc46d4a) Importer(815301076,1909f56bfc062723c751e8b465ee728b)  -> (artifact id: 'dbdc2328763ce2cf7cbb5e9ddb14bbf8') in 1.351113 seconds 
  Import took 1.480697 seconds .

========================================================================
Received Import Request.
  Time since last request: 4.950015 seconds.
  path: Assets/Game/Prefabs/Levels/Level01.prefab
  artifactKey: Guid(9e997d9ecb92d43d1ba176d6abc46d4a) Importer(815301076,1909f56bfc062723c751e8b465ee728b)
Start importing Assets/Game/Prefabs/Levels/Level01.prefab using Guid(9e997d9ecb92d43d1ba176d6abc46d4a) Importer(815301076,1909f56bfc062723c751e8b465ee728b)  -> (artifact id: '645a38d88c17c79a87b2c7a996a46a83') in 1.336076 seconds 
  Import took 1.460907 seconds .

========================================================================
Received Import Request.
  Time since last request: 8.964559 seconds.
  path: Assets/Game/Prefabs/Levels/Level01.prefab
  artifactKey: Guid(9e997d9ecb92d43d1ba176d6abc46d4a) Importer(815301076,1909f56bfc062723c751e8b465ee728b)
Start importing Assets/Game/Prefabs/Levels/Level01.prefab using Guid(9e997d9ecb92d43d1ba176d6abc46d4a) Importer(815301076,1909f56bfc062723c751e8b465ee728b)  -> (artifact id: '701d8fc3b6baf661d85ba3d7526425ff') in 1.167357 seconds 
  Import took 1.283712 seconds .

========================================================================
Received Import Request.
  Time since last request: 2.309823 seconds.
  path: Assets/Game/Prefabs/Levels/Level01.prefab
  artifactKey: Guid(9e997d9ecb92d43d1ba176d6abc46d4a) Importer(815301076,1909f56bfc062723c751e8b465ee728b)
Start importing Assets/Game/Prefabs/Levels/Level01.prefab using Guid(9e997d9ecb92d43d1ba176d6abc46d4a) Importer(815301076,1909f56bfc062723c751e8b465ee728b)  -> (artifact id: 'c3d56b04cd27b6a0dadf20ed88d9893b') in 1.270761 seconds 
  Import took 1.397891 seconds .

========================================================================
Received Import Request.
  Time since last request: 1.489890 seconds.
  path: Assets/Game/Prefabs/Levels/Level01.prefab
  artifactKey: Guid(9e997d9ecb92d43d1ba176d6abc46d4a) Importer(815301076,1909f56bfc062723c751e8b465ee728b)
Start importing Assets/Game/Prefabs/Levels/Level01.prefab using Guid(9e997d9ecb92d43d1ba176d6abc46d4a) Importer(815301076,1909f56bfc062723c751e8b465ee728b)  -> (artifact id: '6c83afcb8ee9a5fd18263bd1e649ab05') in 1.210486 seconds 
  Import took 1.335109 seconds .

========================================================================
Received Import Request.
  Time since last request: 9.689325 seconds.
  path: Assets/Game/Prefabs/Levels/Level01.prefab
  artifactKey: Guid(9e997d9ecb92d43d1ba176d6abc46d4a) Importer(815301076,1909f56bfc062723c751e8b465ee728b)
Start importing Assets/Game/Prefabs/Levels/Level01.prefab using Guid(9e997d9ecb92d43d1ba176d6abc46d4a) Importer(815301076,1909f56bfc062723c751e8b465ee728b)  -> (artifact id: '9a61a20c6b63c5a8a780765e7da2707e') in 1.321483 seconds 
  Import took 1.434647 seconds .

========================================================================
Received Import Request.
  Time since last request: 10.901786 seconds.
  path: Assets/Game/Prefabs/Levels/Level01.prefab
  artifactKey: Guid(9e997d9ecb92d43d1ba176d6abc46d4a) Importer(815301076,1909f56bfc062723c751e8b465ee728b)
Start importing Assets/Game/Prefabs/Levels/Level01.prefab using Guid(9e997d9ecb92d43d1ba176d6abc46d4a) Importer(815301076,1909f56bfc062723c751e8b465ee728b)  -> (artifact id: 'b6e891c4a11a7824e01314eb4552e209') in 1.389292 seconds 
  Import took 1.554252 seconds .

========================================================================
Received Import Request.
  Time since last request: 9.433284 seconds.
  path: Assets/Game/Prefabs/Levels/Level01.prefab
  artifactKey: Guid(9e997d9ecb92d43d1ba176d6abc46d4a) Importer(815301076,1909f56bfc062723c751e8b465ee728b)
Start importing Assets/Game/Prefabs/Levels/Level01.prefab using Guid(9e997d9ecb92d43d1ba176d6abc46d4a) Importer(815301076,1909f56bfc062723c751e8b465ee728b)  -> (artifact id: '6df821442a18b83b17065c23e63599c9') in 1.439545 seconds 
  Import took 1.590826 seconds .

========================================================================
Received Import Request.
  Time since last request: 44.723175 seconds.
  path: Assets/Game/Prefabs/Levels/Level01.prefab
  artifactKey: Guid(9e997d9ecb92d43d1ba176d6abc46d4a) Importer(815301076,1909f56bfc062723c751e8b465ee728b)
Start importing Assets/Game/Prefabs/Levels/Level01.prefab using Guid(9e997d9ecb92d43d1ba176d6abc46d4a) Importer(815301076,1909f56bfc062723c751e8b465ee728b)  -> (artifact id: '26f5c9325536cf7f8812149ca4c95bbd') in 1.888109 seconds 
  Import took 2.025723 seconds .

========================================================================
Received Import Request.
  Time since last request: 1.587226 seconds.
  path: Assets/Game/Prefabs/Levels/Level01.prefab
  artifactKey: Guid(9e997d9ecb92d43d1ba176d6abc46d4a) Importer(815301076,1909f56bfc062723c751e8b465ee728b)
Start importing Assets/Game/Prefabs/Levels/Level01.prefab using Guid(9e997d9ecb92d43d1ba176d6abc46d4a) Importer(815301076,1909f56bfc062723c751e8b465ee728b)  -> (artifact id: 'b00e6c18a0cf40ba70b4a3c94ff6c400') in 1.812840 seconds 
  Import took 1.980350 seconds .

========================================================================
Received Import Request.
  Time since last request: 0.675745 seconds.
  path: Assets/Game/Prefabs/Levels/Level01.prefab
  artifactKey: Guid(9e997d9ecb92d43d1ba176d6abc46d4a) Importer(815301076,1909f56bfc062723c751e8b465ee728b)
Start importing Assets/Game/Prefabs/Levels/Level01.prefab using Guid(9e997d9ecb92d43d1ba176d6abc46d4a) Importer(815301076,1909f56bfc062723c751e8b465ee728b)  -> (artifact id: 'a9ca77c68b7c64b8e6d5feac9d5b4362') in 1.391736 seconds 
  Import took 1.521984 seconds .

========================================================================
Received Import Request.
  Time since last request: 7.576717 seconds.
  path: Assets/Game/Prefabs/Levels/Level01.prefab
  artifactKey: Guid(9e997d9ecb92d43d1ba176d6abc46d4a) Importer(815301076,1909f56bfc062723c751e8b465ee728b)
Start importing Assets/Game/Prefabs/Levels/Level01.prefab using Guid(9e997d9ecb92d43d1ba176d6abc46d4a) Importer(815301076,1909f56bfc062723c751e8b465ee728b)  -> (artifact id: '424065abcdbb3eb44029d86a5b89d5d1') in 1.303522 seconds 
  Import took 1.422202 seconds .

========================================================================
Received Import Request.
  Time since last request: 4.439851 seconds.
  path: Assets/Game/Prefabs/Levels/Level01.prefab
  artifactKey: Guid(9e997d9ecb92d43d1ba176d6abc46d4a) Importer(815301076,1909f56bfc062723c751e8b465ee728b)
Start importing Assets/Game/Prefabs/Levels/Level01.prefab using Guid(9e997d9ecb92d43d1ba176d6abc46d4a) Importer(815301076,1909f56bfc062723c751e8b465ee728b)  -> (artifact id: '47b6d418316f0e563a6fd7ece8d386c3') in 1.323378 seconds 
  Import took 1.443914 seconds .

========================================================================
Received Import Request.
  Time since last request: 4.064243 seconds.
  path: Assets/Game/Prefabs/Levels/Level01.prefab
  artifactKey: Guid(9e997d9ecb92d43d1ba176d6abc46d4a) Importer(815301076,1909f56bfc062723c751e8b465ee728b)
Start importing Assets/Game/Prefabs/Levels/Level01.prefab using Guid(9e997d9ecb92d43d1ba176d6abc46d4a) Importer(815301076,1909f56bfc062723c751e8b465ee728b)  -> (artifact id: 'd0770c0397f1bfdfacb38b08d2a9ba4c') in 1.271799 seconds 
  Import took 1.392195 seconds .

========================================================================
Received Import Request.
  Time since last request: 4.564382 seconds.
  path: Assets/Game/Prefabs/Levels/Level01.prefab
  artifactKey: Guid(9e997d9ecb92d43d1ba176d6abc46d4a) Importer(815301076,1909f56bfc062723c751e8b465ee728b)
Start importing Assets/Game/Prefabs/Levels/Level01.prefab using Guid(9e997d9ecb92d43d1ba176d6abc46d4a) Importer(815301076,1909f56bfc062723c751e8b465ee728b)  -> (artifact id: 'b4bc98a9b95d088714045bd16e891fac') in 1.503303 seconds 
  Import took 1.662809 seconds .

========================================================================
Received Import Request.
  Time since last request: 2.036006 seconds.
  path: Assets/Game/Prefabs/Levels/Level01.prefab
  artifactKey: Guid(9e997d9ecb92d43d1ba176d6abc46d4a) Importer(815301076,1909f56bfc062723c751e8b465ee728b)
Start importing Assets/Game/Prefabs/Levels/Level01.prefab using Guid(9e997d9ecb92d43d1ba176d6abc46d4a) Importer(815301076,1909f56bfc062723c751e8b465ee728b)  -> (artifact id: 'ecd5f1d688c4c1dfb7c55d153ae76030') in 1.313626 seconds 
  Import took 1.427008 seconds .

========================================================================
Received Import Request.
  Time since last request: 10.574243 seconds.
  path: Assets/Game/Prefabs/Levels/Level01.prefab
  artifactKey: Guid(9e997d9ecb92d43d1ba176d6abc46d4a) Importer(815301076,1909f56bfc062723c751e8b465ee728b)
Start importing Assets/Game/Prefabs/Levels/Level01.prefab using Guid(9e997d9ecb92d43d1ba176d6abc46d4a) Importer(815301076,1909f56bfc062723c751e8b465ee728b)  -> (artifact id: '1fb1825a1038922b27c6284b6841f15c') in 1.091117 seconds 
  Import took 1.239969 seconds .

========================================================================
Received Prepare
Registering precompiled user dll's ...
Registered in 0.003984 seconds.
Begin MonoManager ReloadAssembly
Native extension for OSXStandalone target not found
Native extension for WebGL target not found
Refreshing native plugins compatible for Editor in 0.88 ms, found 2 plugins.
Preloading 0 native plugins for Editor in 0.00 ms.
Mono: successfully reloaded assembly
- Completed reload, in  2.363 seconds
Domain Reload Profiling:
	ReloadAssembly (2366ms)
		BeginReloadAssembly (439ms)
			ExecutionOrderSort (0ms)
			DisableScriptedObjects (11ms)
			BackupInstance (0ms)
			ReleaseScriptingObjects (0ms)
			CreateAndSetChildDomain (299ms)
		EndReloadAssembly (1803ms)
			LoadAssemblies (147ms)
			RebuildTransferFunctionScriptingTraits (0ms)
			SetupTypeCache (569ms)
			ReleaseScriptCaches (3ms)
			RebuildScriptCaches (104ms)
			SetupLoadedEditorAssemblies (715ms)
				LogAssemblyErrors (0ms)
				InitializePlatformSupportModulesInManaged (13ms)
				SetLoadedEditorAssemblies (1ms)
				RefreshPlugins (1ms)
				BeforeProcessingInitializeOnLoad (240ms)
				ProcessInitializeOnLoadAttributes (449ms)
				ProcessInitializeOnLoadMethodAttributes (7ms)
				AfterProcessingInitializeOnLoad (3ms)
				EditorAssembliesLoaded (0ms)
			ExecutionOrderSort2 (0ms)
			AwakeInstancesAfterBackupRestoration (17ms)
Platform modules already initialized, skipping
Refreshing native plugins compatible for Editor in 0.72 ms, found 2 plugins.
Preloading 0 native plugins for Editor in 0.00 ms.
Unloading 1825 Unused Serialized files (Serialized files now loaded: 0)
System memory in use before: 356.4 MB.
System memory in use after: 356.5 MB.

Unloading 13 unused Assets to reduce memory usage. Loaded Objects now: 2386.
Total: 4.632801 ms (FindLiveObjects: 0.291337 ms CreateObjectMapping: 0.150607 ms MarkObjects: 4.156110 ms  DeleteObjects: 0.033510 ms)

AssetImportParameters requested are different than current active one (requested -> active):
  custom:video-decoder-ogg-theora: a1e56fd34408186e4bbccfd4996cb3dc -> 
  custom:container-muxer-webm: aa71ff27fc2769a1b78a27578f13a17b -> 
  custom:container-demuxer-webm: 4f35f7cbe854078d1ac9338744f61a02 -> 
  custom:container-demuxer-ogg: 62fdf1f143b41e24485cea50d1cbac27 -> 
  custom:video-encoder-webm-vp8: eb34c28f22e8b96e1ab97ce403110664 -> 
  custom:framework-osx-AVFoundation: e770b220cccbd017edd2c1fefb359320 -> 
  custom:video-decoder-webm-vp8: 9c59270c3fd7afecdb556c50c9e8de78 -> 
  custom:audio-decoder-ogg-vorbis: bf7c407c2cedff20999df2af8eb42d56 -> 
  custom:audio-encoder-webm-vorbis: bf7c407c2cedff20999df2af8eb42d56 -> 
========================================================================
Received Import Request.
  Time since last request: 91.991905 seconds.
  path: Assets/Game/Prefabs/Levels/Level01.prefab
  artifactKey: Guid(9e997d9ecb92d43d1ba176d6abc46d4a) Importer(815301076,1909f56bfc062723c751e8b465ee728b)
Start importing Assets/Game/Prefabs/Levels/Level01.prefab using Guid(9e997d9ecb92d43d1ba176d6abc46d4a) Importer(815301076,1909f56bfc062723c751e8b465ee728b)  -> (artifact id: 'fac5330cce4f6f7bb95d169e20fe8677') in 2.974907 seconds 
  Import took 3.121657 seconds .

========================================================================
Received Import Request.
  Time since last request: 0.000380 seconds.
  path: Assets/Game/Prefabs/Levels/Level01.prefab
  artifactKey: Guid(9e997d9ecb92d43d1ba176d6abc46d4a) Importer(815301076,1909f56bfc062723c751e8b465ee728b)
Start importing Assets/Game/Prefabs/Levels/Level01.prefab using Guid(9e997d9ecb92d43d1ba176d6abc46d4a) Importer(815301076,1909f56bfc062723c751e8b465ee728b)  -> (artifact id: 'cb0e8851ba849d03834464faa745a5c6') in 2.224918 seconds 
  Import took 2.361300 seconds .

========================================================================
Received Import Request.
  Time since last request: 2.316593 seconds.
  path: Assets/Game/Prefabs/Levels/Level01.prefab
  artifactKey: Guid(9e997d9ecb92d43d1ba176d6abc46d4a) Importer(815301076,1909f56bfc062723c751e8b465ee728b)
Start importing Assets/Game/Prefabs/Levels/Level01.prefab using Guid(9e997d9ecb92d43d1ba176d6abc46d4a) Importer(815301076,1909f56bfc062723c751e8b465ee728b)  -> (artifact id: 'da633a45efb8a648212f2731efbeed4a') in 1.639121 seconds 
  Import took 1.819956 seconds .

========================================================================
Received Import Request.
  Time since last request: 2.327535 seconds.
  path: Assets/Game/Prefabs/Levels/Level01.prefab
  artifactKey: Guid(9e997d9ecb92d43d1ba176d6abc46d4a) Importer(815301076,1909f56bfc062723c751e8b465ee728b)
Start importing Assets/Game/Prefabs/Levels/Level01.prefab using Guid(9e997d9ecb92d43d1ba176d6abc46d4a) Importer(815301076,1909f56bfc062723c751e8b465ee728b)  -> (artifact id: 'd382ff4fd1900113cc32c311a59a2af9') in 1.499027 seconds 
  Import took 1.626860 seconds .

========================================================================
Received Import Request.
  Time since last request: 6.988380 seconds.
  path: Assets/Game/Prefabs/Levels/Level01.prefab
  artifactKey: Guid(9e997d9ecb92d43d1ba176d6abc46d4a) Importer(815301076,1909f56bfc062723c751e8b465ee728b)
Start importing Assets/Game/Prefabs/Levels/Level01.prefab using Guid(9e997d9ecb92d43d1ba176d6abc46d4a) Importer(815301076,1909f56bfc062723c751e8b465ee728b)  -> (artifact id: '43872673a794ffc365637d23ca97ace5') in 1.577039 seconds 
  Import took 1.721450 seconds .

========================================================================
Received Import Request.
  Time since last request: 1.858610 seconds.
  path: Assets/Game/Prefabs/Levels/Level01.prefab
  artifactKey: Guid(9e997d9ecb92d43d1ba176d6abc46d4a) Importer(815301076,1909f56bfc062723c751e8b465ee728b)
Start importing Assets/Game/Prefabs/Levels/Level01.prefab using Guid(9e997d9ecb92d43d1ba176d6abc46d4a) Importer(815301076,1909f56bfc062723c751e8b465ee728b)  -> (artifact id: '5450db794cbe3c8b8115875874608b87') in 1.589051 seconds 
  Import took 1.710967 seconds .

========================================================================
Received Import Request.
  Time since last request: 1.274672 seconds.
  path: Assets/Game/Prefabs/Levels/Level01.prefab
  artifactKey: Guid(9e997d9ecb92d43d1ba176d6abc46d4a) Importer(815301076,1909f56bfc062723c751e8b465ee728b)
Start importing Assets/Game/Prefabs/Levels/Level01.prefab using Guid(9e997d9ecb92d43d1ba176d6abc46d4a) Importer(815301076,1909f56bfc062723c751e8b465ee728b)  -> (artifact id: '6353acbf8f7bc393b420f87c2cda1f01') in 1.442387 seconds 
  Import took 1.566218 seconds .

========================================================================
Received Import Request.
  Time since last request: 2.199230 seconds.
  path: Assets/Game/Prefabs/Levels/Level01.prefab
  artifactKey: Guid(9e997d9ecb92d43d1ba176d6abc46d4a) Importer(815301076,1909f56bfc062723c751e8b465ee728b)
Start importing Assets/Game/Prefabs/Levels/Level01.prefab using Guid(9e997d9ecb92d43d1ba176d6abc46d4a) Importer(815301076,1909f56bfc062723c751e8b465ee728b)  -> (artifact id: '14e45707f8c123021790b4fca0e82b08') in 1.186660 seconds 
  Import took 1.302045 seconds .

========================================================================
Received Import Request.
  Time since last request: 5.453135 seconds.
  path: Assets/Game/Prefabs/Levels/Level01.prefab
  artifactKey: Guid(9e997d9ecb92d43d1ba176d6abc46d4a) Importer(815301076,1909f56bfc062723c751e8b465ee728b)
Start importing Assets/Game/Prefabs/Levels/Level01.prefab using Guid(9e997d9ecb92d43d1ba176d6abc46d4a) Importer(815301076,1909f56bfc062723c751e8b465ee728b)  -> (artifact id: 'fe01e77e652b93bf6ab51e6c66a1e425') in 1.473902 seconds 
  Import took 1.588676 seconds .

========================================================================
Received Import Request.
  Time since last request: 1.355619 seconds.
  path: Assets/Game/Prefabs/Levels/Level01.prefab
  artifactKey: Guid(9e997d9ecb92d43d1ba176d6abc46d4a) Importer(815301076,1909f56bfc062723c751e8b465ee728b)
Start importing Assets/Game/Prefabs/Levels/Level01.prefab using Guid(9e997d9ecb92d43d1ba176d6abc46d4a) Importer(815301076,1909f56bfc062723c751e8b465ee728b)  -> (artifact id: 'eee0dbef8e7d69a9c064c00c913cdf34') in 1.185643 seconds 
  Import took 1.307698 seconds .

========================================================================
Received Import Request.
  Time since last request: 32.274585 seconds.
  path: Assets/Game/Prefabs/Levels/Level01.prefab
  artifactKey: Guid(9e997d9ecb92d43d1ba176d6abc46d4a) Importer(815301076,1909f56bfc062723c751e8b465ee728b)
Start importing Assets/Game/Prefabs/Levels/Level01.prefab using Guid(9e997d9ecb92d43d1ba176d6abc46d4a) Importer(815301076,1909f56bfc062723c751e8b465ee728b)  -> (artifact id: '750dbafc49e96dd4aac940db3f3c6df6') in 1.656653 seconds 
  Import took 1.778391 seconds .

========================================================================
Received Import Request.
  Time since last request: 6.597523 seconds.
  path: Assets/Game/Prefabs/Levels/Level01.prefab
  artifactKey: Guid(9e997d9ecb92d43d1ba176d6abc46d4a) Importer(815301076,1909f56bfc062723c751e8b465ee728b)
Start importing Assets/Game/Prefabs/Levels/Level01.prefab using Guid(9e997d9ecb92d43d1ba176d6abc46d4a) Importer(815301076,1909f56bfc062723c751e8b465ee728b)  -> (artifact id: '88dedb40d58246ce2452c396e44f995a') in 1.885939 seconds 
  Import took 2.048331 seconds .

========================================================================
Received Import Request.
  Time since last request: 2.051736 seconds.
  path: Assets/Game/Prefabs/Levels/Level01.prefab
  artifactKey: Guid(9e997d9ecb92d43d1ba176d6abc46d4a) Importer(815301076,1909f56bfc062723c751e8b465ee728b)
Start importing Assets/Game/Prefabs/Levels/Level01.prefab using Guid(9e997d9ecb92d43d1ba176d6abc46d4a) Importer(815301076,1909f56bfc062723c751e8b465ee728b)  -> (artifact id: '0db04a4ae4113b612e2fdcee2a77eca9') in 1.335540 seconds 
  Import took 1.470571 seconds .

========================================================================
Received Import Request.
  Time since last request: 5.507905 seconds.
  path: Assets/Game/Prefabs/Levels/Level01.prefab
  artifactKey: Guid(9e997d9ecb92d43d1ba176d6abc46d4a) Importer(815301076,1909f56bfc062723c751e8b465ee728b)
Start importing Assets/Game/Prefabs/Levels/Level01.prefab using Guid(9e997d9ecb92d43d1ba176d6abc46d4a) Importer(815301076,1909f56bfc062723c751e8b465ee728b)  -> (artifact id: 'f3a29598059f15bce180860b16ce3409') in 1.724659 seconds 
  Import took 1.887961 seconds .

========================================================================
Received Import Request.
  Time since last request: 13.545845 seconds.
  path: Assets/Game/Prefabs/Levels/Level01.prefab
  artifactKey: Guid(9e997d9ecb92d43d1ba176d6abc46d4a) Importer(815301076,1909f56bfc062723c751e8b465ee728b)
Start importing Assets/Game/Prefabs/Levels/Level01.prefab using Guid(9e997d9ecb92d43d1ba176d6abc46d4a) Importer(815301076,1909f56bfc062723c751e8b465ee728b)  -> (artifact id: 'a53f63f1e7dedfb0a3d9d72f401b6610') in 1.655406 seconds 
  Import took 1.837185 seconds .

========================================================================
Received Import Request.
  Time since last request: 56.858584 seconds.
  path: Assets/Game/Prefabs/Levels/Level01.prefab
  artifactKey: Guid(9e997d9ecb92d43d1ba176d6abc46d4a) Importer(815301076,1909f56bfc062723c751e8b465ee728b)
Start importing Assets/Game/Prefabs/Levels/Level01.prefab using Guid(9e997d9ecb92d43d1ba176d6abc46d4a) Importer(815301076,1909f56bfc062723c751e8b465ee728b)  -> (artifact id: 'bb18d85807584929a0858446fa1fcfbb') in 1.809029 seconds 
  Import took 1.939405 seconds .

========================================================================
Received Import Request.
  Time since last request: 28.729142 seconds.
  path: Assets/Game/Prefabs/Levels/Level01.prefab
  artifactKey: Guid(9e997d9ecb92d43d1ba176d6abc46d4a) Importer(815301076,1909f56bfc062723c751e8b465ee728b)
Start importing Assets/Game/Prefabs/Levels/Level01.prefab using Guid(9e997d9ecb92d43d1ba176d6abc46d4a) Importer(815301076,1909f56bfc062723c751e8b465ee728b)  -> (artifact id: '2d7859da5602b517abf8c0566607efd3') in 1.737209 seconds 
  Import took 1.889106 seconds .

========================================================================
Received Import Request.
  Time since last request: 4.943289 seconds.
  path: Assets/Game/Prefabs/Levels/Level01.prefab
  artifactKey: Guid(9e997d9ecb92d43d1ba176d6abc46d4a) Importer(815301076,1909f56bfc062723c751e8b465ee728b)
Start importing Assets/Game/Prefabs/Levels/Level01.prefab using Guid(9e997d9ecb92d43d1ba176d6abc46d4a) Importer(815301076,1909f56bfc062723c751e8b465ee728b)  -> (artifact id: 'd21821ba21d0305406e77318304c19a3') in 1.575132 seconds 
  Import took 1.693175 seconds .

========================================================================
Received Import Request.
  Time since last request: 71.354621 seconds.
  path: Assets/Game/Prefabs/Levels/Level01.prefab
  artifactKey: Guid(9e997d9ecb92d43d1ba176d6abc46d4a) Importer(815301076,1909f56bfc062723c751e8b465ee728b)
Start importing Assets/Game/Prefabs/Levels/Level01.prefab using Guid(9e997d9ecb92d43d1ba176d6abc46d4a) Importer(815301076,1909f56bfc062723c751e8b465ee728b)  -> (artifact id: '96f0f978441657e3ad0c010cd09d8529') in 1.560814 seconds 
  Import took 1.686636 seconds .

========================================================================
Received Import Request.
  Time since last request: 13.235659 seconds.
  path: Assets/Game/Prefabs/Levels/Level01.prefab
  artifactKey: Guid(9e997d9ecb92d43d1ba176d6abc46d4a) Importer(815301076,1909f56bfc062723c751e8b465ee728b)
Start importing Assets/Game/Prefabs/Levels/Level01.prefab using Guid(9e997d9ecb92d43d1ba176d6abc46d4a) Importer(815301076,1909f56bfc062723c751e8b465ee728b)  -> (artifact id: 'd6ea0b37d732435590a603613623e22e') in 1.476423 seconds 
  Import took 1.592966 seconds .

========================================================================
Received Import Request.
  Time since last request: 23.984322 seconds.
  path: Assets/Game/Prefabs/Levels/Level01.prefab
  artifactKey: Guid(9e997d9ecb92d43d1ba176d6abc46d4a) Importer(815301076,1909f56bfc062723c751e8b465ee728b)
Start importing Assets/Game/Prefabs/Levels/Level01.prefab using Guid(9e997d9ecb92d43d1ba176d6abc46d4a) Importer(815301076,1909f56bfc062723c751e8b465ee728b)  -> (artifact id: 'eb7227fd52521a0e040d1ff45fd1781e') in 1.776223 seconds 
  Import took 1.900667 seconds .

========================================================================
Received Import Request.
  Time since last request: 26.068645 seconds.
  path: Assets/Game/Prefabs/Levels/Level01.prefab
  artifactKey: Guid(9e997d9ecb92d43d1ba176d6abc46d4a) Importer(815301076,1909f56bfc062723c751e8b465ee728b)
Start importing Assets/Game/Prefabs/Levels/Level01.prefab using Guid(9e997d9ecb92d43d1ba176d6abc46d4a) Importer(815301076,1909f56bfc062723c751e8b465ee728b)  -> (artifact id: '4934e89600cdeb42e71573865c0695d8') in 1.661338 seconds 
  Import took 1.790319 seconds .

========================================================================
Received Import Request.
  Time since last request: 2.115767 seconds.
  path: Assets/Game/Prefabs/Levels/Level01.prefab
  artifactKey: Guid(9e997d9ecb92d43d1ba176d6abc46d4a) Importer(815301076,1909f56bfc062723c751e8b465ee728b)
Start importing Assets/Game/Prefabs/Levels/Level01.prefab using Guid(9e997d9ecb92d43d1ba176d6abc46d4a) Importer(815301076,1909f56bfc062723c751e8b465ee728b)  -> (artifact id: '69feffcf165f3e005659b03be7d80d70') in 1.461616 seconds 
  Import took 1.594832 seconds .

========================================================================
Received Import Request.
  Time since last request: 1.802766 seconds.
  path: Assets/Game/Prefabs/Levels/Level01.prefab
  artifactKey: Guid(9e997d9ecb92d43d1ba176d6abc46d4a) Importer(815301076,1909f56bfc062723c751e8b465ee728b)
Start importing Assets/Game/Prefabs/Levels/Level01.prefab using Guid(9e997d9ecb92d43d1ba176d6abc46d4a) Importer(815301076,1909f56bfc062723c751e8b465ee728b)  -> (artifact id: '55f64cde9d406c85d499102ff7f8fa18') in 2.003953 seconds 
  Import took 2.186744 seconds .

========================================================================
Received Import Request.
  Time since last request: 22.478782 seconds.
  path: Assets/Game/Prefabs/Levels/Level01.prefab
  artifactKey: Guid(9e997d9ecb92d43d1ba176d6abc46d4a) Importer(815301076,1909f56bfc062723c751e8b465ee728b)
Start importing Assets/Game/Prefabs/Levels/Level01.prefab using Guid(9e997d9ecb92d43d1ba176d6abc46d4a) Importer(815301076,1909f56bfc062723c751e8b465ee728b)  -> (artifact id: 'febc69649ed2380028bb806c629d3f42') in 1.482619 seconds 
  Import took 1.604964 seconds .

========================================================================
Received Import Request.
  Time since last request: 3.046327 seconds.
  path: Assets/Game/Prefabs/Levels/Level01.prefab
  artifactKey: Guid(9e997d9ecb92d43d1ba176d6abc46d4a) Importer(815301076,1909f56bfc062723c751e8b465ee728b)
Start importing Assets/Game/Prefabs/Levels/Level01.prefab using Guid(9e997d9ecb92d43d1ba176d6abc46d4a) Importer(815301076,1909f56bfc062723c751e8b465ee728b)  -> (artifact id: 'fc3b6b71e178500bf412fa49bf2fa830') in 1.421813 seconds 
  Import took 1.542041 seconds .

========================================================================
Received Import Request.
  Time since last request: 1.721526 seconds.
  path: Assets/Game/Prefabs/Levels/Level01.prefab
  artifactKey: Guid(9e997d9ecb92d43d1ba176d6abc46d4a) Importer(815301076,1909f56bfc062723c751e8b465ee728b)
Start importing Assets/Game/Prefabs/Levels/Level01.prefab using Guid(9e997d9ecb92d43d1ba176d6abc46d4a) Importer(815301076,1909f56bfc062723c751e8b465ee728b)  -> (artifact id: '775f7e522711fda79ac78b2a2ce34126') in 1.708914 seconds 
  Import took 1.868893 seconds .

========================================================================
Received Import Request.
  Time since last request: 23.297061 seconds.
  path: Assets/Game/Prefabs/Levels/Level01.prefab
  artifactKey: Guid(9e997d9ecb92d43d1ba176d6abc46d4a) Importer(815301076,1909f56bfc062723c751e8b465ee728b)
Start importing Assets/Game/Prefabs/Levels/Level01.prefab using Guid(9e997d9ecb92d43d1ba176d6abc46d4a) Importer(815301076,1909f56bfc062723c751e8b465ee728b)  -> (artifact id: '05ad734ff601b9ee54a1d42cefac5188') in 1.830581 seconds 
  Import took 1.952160 seconds .

========================================================================
Received Import Request.
  Time since last request: 10.813285 seconds.
  path: Assets/Game/Prefabs/Levels/Level01.prefab
  artifactKey: Guid(9e997d9ecb92d43d1ba176d6abc46d4a) Importer(815301076,1909f56bfc062723c751e8b465ee728b)
Start importing Assets/Game/Prefabs/Levels/Level01.prefab using Guid(9e997d9ecb92d43d1ba176d6abc46d4a) Importer(815301076,1909f56bfc062723c751e8b465ee728b)  -> (artifact id: 'a45c1a3b2462caee4bf5f70d8ee182b7') in 1.475204 seconds 
  Import took 1.594095 seconds .

========================================================================
Received Import Request.
  Time since last request: 16.465416 seconds.
  path: Assets/Game/Prefabs/Levels/Level01.prefab
  artifactKey: Guid(9e997d9ecb92d43d1ba176d6abc46d4a) Importer(815301076,1909f56bfc062723c751e8b465ee728b)
Start importing Assets/Game/Prefabs/Levels/Level01.prefab using Guid(9e997d9ecb92d43d1ba176d6abc46d4a) Importer(815301076,1909f56bfc062723c751e8b465ee728b)  -> (artifact id: '1261cf5982c323b2b7cef5cf7378f185') in 1.831282 seconds 
  Import took 1.961645 seconds .

========================================================================
Received Import Request.
  Time since last request: 21.685995 seconds.
  path: Assets/Game/Prefabs/Levels/Level01.prefab
  artifactKey: Guid(9e997d9ecb92d43d1ba176d6abc46d4a) Importer(815301076,1909f56bfc062723c751e8b465ee728b)
Start importing Assets/Game/Prefabs/Levels/Level01.prefab using Guid(9e997d9ecb92d43d1ba176d6abc46d4a) Importer(815301076,1909f56bfc062723c751e8b465ee728b)  -> (artifact id: 'ad2634c78e28b8cc9bb691e3bf6ce99c') in 1.814644 seconds 
  Import took 1.972838 seconds .

========================================================================
Received Import Request.
  Time since last request: 18.859034 seconds.
  path: Assets/Game/Prefabs/Levels/Level01.prefab
  artifactKey: Guid(9e997d9ecb92d43d1ba176d6abc46d4a) Importer(815301076,1909f56bfc062723c751e8b465ee728b)
Start importing Assets/Game/Prefabs/Levels/Level01.prefab using Guid(9e997d9ecb92d43d1ba176d6abc46d4a) Importer(815301076,1909f56bfc062723c751e8b465ee728b)  -> (artifact id: '9f052e560abaa1254f1f1b9c0ccbe57e') in 1.501536 seconds 
  Import took 1.679723 seconds .

========================================================================
Received Import Request.
  Time since last request: 11.534039 seconds.
  path: Assets/Game/Prefabs/Levels/Level01.prefab
  artifactKey: Guid(9e997d9ecb92d43d1ba176d6abc46d4a) Importer(815301076,1909f56bfc062723c751e8b465ee728b)
Start importing Assets/Game/Prefabs/Levels/Level01.prefab using Guid(9e997d9ecb92d43d1ba176d6abc46d4a) Importer(815301076,1909f56bfc062723c751e8b465ee728b)  -> (artifact id: 'e7a63e958b60e3a682999faf1c59ce5e') in 1.260980 seconds 
  Import took 1.378434 seconds .

========================================================================
Received Import Request.
  Time since last request: 4.662261 seconds.
  path: Assets/Game/Prefabs/Levels/Level01.prefab
  artifactKey: Guid(9e997d9ecb92d43d1ba176d6abc46d4a) Importer(815301076,1909f56bfc062723c751e8b465ee728b)
Start importing Assets/Game/Prefabs/Levels/Level01.prefab using Guid(9e997d9ecb92d43d1ba176d6abc46d4a) Importer(815301076,1909f56bfc062723c751e8b465ee728b)  -> (artifact id: '8e1e8f65d1e0c5ee36369ea250a8cd1a') in 1.357441 seconds 
  Import took 1.520665 seconds .

========================================================================
Received Import Request.
  Time since last request: 59.460132 seconds.
  path: Assets/Game/Prefabs/Levels/Level01.prefab
  artifactKey: Guid(9e997d9ecb92d43d1ba176d6abc46d4a) Importer(815301076,1909f56bfc062723c751e8b465ee728b)
Start importing Assets/Game/Prefabs/Levels/Level01.prefab using Guid(9e997d9ecb92d43d1ba176d6abc46d4a) Importer(815301076,1909f56bfc062723c751e8b465ee728b)  -> (artifact id: '1aac01654261b4ee3cfc52882f5209d1') in 2.095141 seconds 
  Import took 2.203081 seconds .

========================================================================
Received Import Request.
  Time since last request: 1.191092 seconds.
  path: Assets/Game/Prefabs/Levels/Level01.prefab
  artifactKey: Guid(9e997d9ecb92d43d1ba176d6abc46d4a) Importer(815301076,1909f56bfc062723c751e8b465ee728b)
Start importing Assets/Game/Prefabs/Levels/Level01.prefab using Guid(9e997d9ecb92d43d1ba176d6abc46d4a) Importer(815301076,1909f56bfc062723c751e8b465ee728b)  -> (artifact id: '0c7b88025da423a908a4e9b8d563b477') in 1.591841 seconds 
  Import took 1.742035 seconds .

========================================================================
Received Import Request.
  Time since last request: 0.458427 seconds.
  path: Assets/Game/Prefabs/Levels/Level01.prefab
  artifactKey: Guid(9e997d9ecb92d43d1ba176d6abc46d4a) Importer(815301076,1909f56bfc062723c751e8b465ee728b)
Start importing Assets/Game/Prefabs/Levels/Level01.prefab using Guid(9e997d9ecb92d43d1ba176d6abc46d4a) Importer(815301076,1909f56bfc062723c751e8b465ee728b)  -> (artifact id: '9a3d69a882e601d6250505d896763122') in 1.340666 seconds 
  Import took 1.465835 seconds .

========================================================================
Received Import Request.
  Time since last request: 1.600183 seconds.
  path: Assets/Game/Prefabs/Levels/Level01.prefab
  artifactKey: Guid(9e997d9ecb92d43d1ba176d6abc46d4a) Importer(815301076,1909f56bfc062723c751e8b465ee728b)
Start importing Assets/Game/Prefabs/Levels/Level01.prefab using Guid(9e997d9ecb92d43d1ba176d6abc46d4a) Importer(815301076,1909f56bfc062723c751e8b465ee728b)  -> (artifact id: 'f336b28b7f76460dfb01f546c5bc1395') in 1.334666 seconds 
  Import took 1.456449 seconds .

