Unity Editor version:    2020.3.19f1 (68f137dc9bbe)
Branch:                  2020.3/staging
Build type:              Release
Batch mode:              YES
macOS version:           Version 11.6 (Build 20G165)
Darwin version:          20.6.0
Architecture:            x86_64
Running under Rosetta:   NO
Available memory:        8192 MB
Using pre-set license
Pro License: NO

COMMAND LINE ARGUMENTS:
/Applications/Unity/Hub/Editor/2020.3.19f1/Unity.app/Contents/MacOS/Unity
-adb2
-batchMode
-noUpm
-name
AssetImportWorker0
-projectPath
/Users/tomasroncak/Documents/NAVPH
-logFile
Logs/AssetImportWorker0.log
-srvPort
52898
Successfully changed project path to: /Users/tomasroncak/Documents/NAVPH
/Users/tomasroncak/Documents/NAVPH
Using Asset Import Pipeline V2.
Refreshing native plugins compatible for Editor in 98.29 ms, found 2 plugins.
Preloading 0 native plugins for Editor in 0.00 ms.
Initialize engine version: 2020.3.19f1 (68f137dc9bbe)
[Subsystems] Discovering subsystems at path /Applications/Unity/Hub/Editor/2020.3.19f1/Unity.app/Contents/Resources/UnitySubsystems
[Subsystems] Discovering subsystems at path /Users/tomasroncak/Documents/NAVPH/Assets
GfxDevice: creating device client; threaded=0
2021-12-05 17:33:10.515 Unity[23451:965649] Color LCD preferred device: Intel(R) Iris(TM) Graphics 550 (low power)
2021-12-05 17:33:10.515 Unity[23451:965649] Metal devices available: 1
2021-12-05 17:33:10.515 Unity[23451:965649] 0: Intel(R) Iris(TM) Graphics 550 (low power)
2021-12-05 17:33:10.516 Unity[23451:965649] Using device Intel(R) Iris(TM) Graphics 550 (low power)
Initializing Metal device caps: Intel(R) Iris(TM) Graphics 550
Initialize mono
Mono path[0] = '/Applications/Unity/Hub/Editor/2020.3.19f1/Unity.app/Contents/Managed'
Mono path[1] = '/Applications/Unity/Hub/Editor/2020.3.19f1/Unity.app/Contents/MonoBleedingEdge/lib/mono/unityjit'
Mono config path = '/Applications/Unity/Hub/Editor/2020.3.19f1/Unity.app/Contents/MonoBleedingEdge/etc'
Using monoOptions --debugger-agent=transport=dt_socket,embedding=1,server=y,suspend=n,address=127.0.0.1:56451
Begin MonoManager ReloadAssembly
Registering precompiled unity dll's ...
Register platform support module: /Applications/Unity/Hub/Editor/2020.3.19f1/PlaybackEngines/WebGLSupport/UnityEditor.WebGL.Extensions.dll
Register platform support module: /Applications/Unity/Hub/Editor/2020.3.19f1/Unity.app/Contents/PlaybackEngines/MacStandaloneSupport/UnityEditor.OSXStandalone.Extensions.dll
Registered in 0.002941 seconds.
Native extension for OSXStandalone target not found
Native extension for WebGL target not found
Refreshing native plugins compatible for Editor in 73.21 ms, found 2 plugins.
Preloading 0 native plugins for Editor in 0.00 ms.
Mono: successfully reloaded assembly
- Completed reload, in  3.988 seconds
Domain Reload Profiling:
	ReloadAssembly (3988ms)
		BeginReloadAssembly (89ms)
			ExecutionOrderSort (0ms)
			DisableScriptedObjects (0ms)
			BackupInstance (0ms)
			ReleaseScriptingObjects (0ms)
			CreateAndSetChildDomain (2ms)
		EndReloadAssembly (881ms)
			LoadAssemblies (117ms)
			RebuildTransferFunctionScriptingTraits (0ms)
			SetupTypeCache (358ms)
			ReleaseScriptCaches (0ms)
			RebuildScriptCaches (51ms)
			SetupLoadedEditorAssemblies (354ms)
				LogAssemblyErrors (0ms)
				InitializePlatformSupportModulesInManaged (6ms)
				SetLoadedEditorAssemblies (0ms)
				RefreshPlugins (73ms)
				BeforeProcessingInitializeOnLoad (40ms)
				ProcessInitializeOnLoadAttributes (186ms)
				ProcessInitializeOnLoadMethodAttributes (48ms)
				AfterProcessingInitializeOnLoad (0ms)
				EditorAssembliesLoaded (0ms)
			ExecutionOrderSort2 (0ms)
			AwakeInstancesAfterBackupRestoration (0ms)
Platform modules already initialized, skipping
Registering precompiled user dll's ...
Registered in 0.007336 seconds.
Begin MonoManager ReloadAssembly
Native extension for OSXStandalone target not found
Native extension for WebGL target not found
Refreshing native plugins compatible for Editor in 1.45 ms, found 2 plugins.
Preloading 0 native plugins for Editor in 0.00 ms.
Mono: successfully reloaded assembly
- Completed reload, in  2.229 seconds
Domain Reload Profiling:
	ReloadAssembly (2233ms)
		BeginReloadAssembly (275ms)
			ExecutionOrderSort (0ms)
			DisableScriptedObjects (12ms)
			BackupInstance (0ms)
			ReleaseScriptingObjects (0ms)
			CreateAndSetChildDomain (52ms)
		EndReloadAssembly (1862ms)
			LoadAssemblies (190ms)
			RebuildTransferFunctionScriptingTraits (0ms)
			SetupTypeCache (530ms)
			ReleaseScriptCaches (1ms)
			RebuildScriptCaches (168ms)
			SetupLoadedEditorAssemblies (660ms)
				LogAssemblyErrors (0ms)
				InitializePlatformSupportModulesInManaged (18ms)
				SetLoadedEditorAssemblies (1ms)
				RefreshPlugins (2ms)
				BeforeProcessingInitializeOnLoad (194ms)
				ProcessInitializeOnLoadAttributes (437ms)
				ProcessInitializeOnLoadMethodAttributes (5ms)
				AfterProcessingInitializeOnLoad (2ms)
				EditorAssembliesLoaded (0ms)
			ExecutionOrderSort2 (0ms)
			AwakeInstancesAfterBackupRestoration (10ms)
Platform modules already initialized, skipping
Validating Project structure ... 0.221669 seconds.
Shader import version has changed; will reimport all shaders...
Upgrading shader files ...0.150036 seconds.
Application.AssetDatabase Initial Script Refresh Start
RefreshInfo: InitialScriptRefreshV2(NoUpdateAssetOptions) scanfilter:  ... 1 filters
RefreshProfiler: Total: 0.000ms
Application.AssetDatabase Initial Script Refresh End
Application.AssetDatabase.Refresh Start
Application.AssetDatabase.Refresh End
RefreshInfo: StopAssetImportingV2(ForceSynchronousImport) scanfilter: 
RefreshProfiler: Total: 0.000ms
Launching external process: /Applications/Unity/Hub/Editor/2020.3.19f1/Unity.app/Contents/Tools/UnityShaderCompiler
Launched and connected shader compiler UnityShaderCompiler after 0.05 seconds
Initializing Unity extensions:
========================================================================
Worker process is ready to serve import requests
Refreshing native plugins compatible for Editor in 1.61 ms, found 2 plugins.
Preloading 0 native plugins for Editor in 0.00 ms.
Unloading 1844 Unused Serialized files (Serialized files now loaded: 0)
System memory in use before: 211.9 MB.
System memory in use after: 211.7 MB.

Unloading 223 unused Assets to reduce memory usage. Loaded Objects now: 2343.
Total: 8.823384 ms (FindLiveObjects: 0.707241 ms CreateObjectMapping: 0.544342 ms MarkObjects: 7.061709 ms  DeleteObjects: 0.507614 ms)

AssetImportParameters requested are different than current active one (requested -> active):
  custom:video-decoder-ogg-theora: a1e56fd34408186e4bbccfd4996cb3dc -> 
  custom:container-muxer-webm: aa71ff27fc2769a1b78a27578f13a17b -> 
  custom:container-demuxer-webm: 4f35f7cbe854078d1ac9338744f61a02 -> 
  custom:container-demuxer-ogg: 62fdf1f143b41e24485cea50d1cbac27 -> 
  custom:video-encoder-webm-vp8: eb34c28f22e8b96e1ab97ce403110664 -> 
  custom:framework-osx-AVFoundation: e770b220cccbd017edd2c1fefb359320 -> 
  custom:video-decoder-webm-vp8: 9c59270c3fd7afecdb556c50c9e8de78 -> 
  custom:audio-decoder-ogg-vorbis: bf7c407c2cedff20999df2af8eb42d56 -> 
  custom:audio-encoder-webm-vorbis: bf7c407c2cedff20999df2af8eb42d56 -> 
========================================================================
Received Import Request.
  path: Assets/Other/DoorTransparent.mat
  artifactKey: Guid(096a196b6a210495488fac254e880abc) Importer(815301076,1909f56bfc062723c751e8b465ee728b)
Start importing Assets/Other/DoorTransparent.mat using Guid(096a196b6a210495488fac254e880abc) Importer(815301076,1909f56bfc062723c751e8b465ee728b)  -> (artifact id: 'c37692345cd1d679a30dea1af0756c0c') in 1.649240 seconds 
  Import took 1.663543 seconds .

========================================================================
Received Import Request.
  Time since last request: 82.079718 seconds.
  path: Assets/Game/Prefabs/Doors
  artifactKey: Guid(76eadcba279dd468f8c68288fc05d69b) Importer(815301076,1909f56bfc062723c751e8b465ee728b)
Start importing Assets/Game/Prefabs/Doors using Guid(76eadcba279dd468f8c68288fc05d69b) Importer(815301076,1909f56bfc062723c751e8b465ee728b)  -> (artifact id: '85a3a6f517bcf83ef010d30a8d4c083b') in 0.014863 seconds 
  Import took 0.021090 seconds .

========================================================================
Received Import Request.
  Time since last request: 6.301452 seconds.
  path: Assets/Game/Prefabs/Doors/Materials
  artifactKey: Guid(f706397c714924503bcf8e1a4d15fe2a) Importer(815301076,1909f56bfc062723c751e8b465ee728b)
Start importing Assets/Game/Prefabs/Doors/Materials using Guid(f706397c714924503bcf8e1a4d15fe2a) Importer(815301076,1909f56bfc062723c751e8b465ee728b)  -> (artifact id: 'b90534441f84a4b4da407406d8df843a') in 0.003685 seconds 
  Import took 0.016968 seconds .

========================================================================
Received Import Request.
  Time since last request: 5.561871 seconds.
  path: Assets/Game/Prefabs/Level/WallWithDoor.prefab
  artifactKey: Guid(01adf3509f3d94dc58bf1a184d8da627) Importer(815301076,1909f56bfc062723c751e8b465ee728b)
Start importing Assets/Game/Prefabs/Level/WallWithDoor.prefab using Guid(01adf3509f3d94dc58bf1a184d8da627) Importer(815301076,1909f56bfc062723c751e8b465ee728b)  -> (artifact id: 'd6c8bf4053230ed30a1595e7865cc925') in 1.137322 seconds 
  Import took 1.154946 seconds .

========================================================================
Received Import Request.
  Time since last request: 45.120566 seconds.
  path: Assets/Game/Prefabs/Level/WallWithDoor.prefab
  artifactKey: Guid(01adf3509f3d94dc58bf1a184d8da627) Importer(815301076,1909f56bfc062723c751e8b465ee728b)
Start importing Assets/Game/Prefabs/Level/WallWithDoor.prefab using Guid(01adf3509f3d94dc58bf1a184d8da627) Importer(815301076,1909f56bfc062723c751e8b465ee728b)  -> (artifact id: 'e93933600fcd0a79d10b3fe1d5c5c9ab') in 0.278690 seconds 
  Import took 0.292579 seconds .

========================================================================
Received Import Request.
  Time since last request: 48.417313 seconds.
  path: Assets/Game/Prefabs/Level/WallWithDoor.prefab
  artifactKey: Guid(01adf3509f3d94dc58bf1a184d8da627) Importer(815301076,1909f56bfc062723c751e8b465ee728b)
Start importing Assets/Game/Prefabs/Level/WallWithDoor.prefab using Guid(01adf3509f3d94dc58bf1a184d8da627) Importer(815301076,1909f56bfc062723c751e8b465ee728b)  -> (artifact id: '21b6503ca3a4f551d23a80925a5635ad') in 0.105161 seconds 
  Import took 0.116842 seconds .

========================================================================
Received Prepare
Registering precompiled user dll's ...
Registered in 0.008359 seconds.
Begin MonoManager ReloadAssembly
Native extension for OSXStandalone target not found
Native extension for WebGL target not found
Refreshing native plugins compatible for Editor in 0.72 ms, found 2 plugins.
Preloading 0 native plugins for Editor in 0.00 ms.
Mono: successfully reloaded assembly
- Completed reload, in  2.164 seconds
Domain Reload Profiling:
	ReloadAssembly (2167ms)
		BeginReloadAssembly (314ms)
			ExecutionOrderSort (0ms)
			DisableScriptedObjects (11ms)
			BackupInstance (0ms)
			ReleaseScriptingObjects (1ms)
			CreateAndSetChildDomain (184ms)
		EndReloadAssembly (1686ms)
			LoadAssemblies (275ms)
			RebuildTransferFunctionScriptingTraits (0ms)
			SetupTypeCache (482ms)
			ReleaseScriptCaches (1ms)
			RebuildScriptCaches (87ms)
			SetupLoadedEditorAssemblies (609ms)
				LogAssemblyErrors (0ms)
				InitializePlatformSupportModulesInManaged (8ms)
				SetLoadedEditorAssemblies (1ms)
				RefreshPlugins (1ms)
				BeforeProcessingInitializeOnLoad (190ms)
				ProcessInitializeOnLoadAttributes (400ms)
				ProcessInitializeOnLoadMethodAttributes (7ms)
				AfterProcessingInitializeOnLoad (2ms)
				EditorAssembliesLoaded (0ms)
			ExecutionOrderSort2 (0ms)
			AwakeInstancesAfterBackupRestoration (14ms)
Platform modules already initialized, skipping
Refreshing native plugins compatible for Editor in 1.11 ms, found 2 plugins.
Preloading 0 native plugins for Editor in 0.00 ms.
Unloading 1810 Unused Serialized files (Serialized files now loaded: 0)
System memory in use before: 217.2 MB.
System memory in use after: 217.3 MB.

Unloading 13 unused Assets to reduce memory usage. Loaded Objects now: 2386.
Total: 5.141377 ms (FindLiveObjects: 0.354703 ms CreateObjectMapping: 0.111238 ms MarkObjects: 4.627924 ms  DeleteObjects: 0.046156 ms)

AssetImportParameters requested are different than current active one (requested -> active):
  custom:video-decoder-ogg-theora: a1e56fd34408186e4bbccfd4996cb3dc -> 
  custom:container-muxer-webm: aa71ff27fc2769a1b78a27578f13a17b -> 
  custom:container-demuxer-webm: 4f35f7cbe854078d1ac9338744f61a02 -> 
  custom:container-demuxer-ogg: 62fdf1f143b41e24485cea50d1cbac27 -> 
  custom:video-encoder-webm-vp8: eb34c28f22e8b96e1ab97ce403110664 -> 
  custom:framework-osx-AVFoundation: e770b220cccbd017edd2c1fefb359320 -> 
  custom:video-decoder-webm-vp8: 9c59270c3fd7afecdb556c50c9e8de78 -> 
  custom:audio-decoder-ogg-vorbis: bf7c407c2cedff20999df2af8eb42d56 -> 
  custom:audio-encoder-webm-vorbis: bf7c407c2cedff20999df2af8eb42d56 -> 
========================================================================
Received Import Request.
  Time since last request: 358.054603 seconds.
  path: Assets/Game/Prefabs/Level/WallWithDoor.prefab
  artifactKey: Guid(01adf3509f3d94dc58bf1a184d8da627) Importer(815301076,1909f56bfc062723c751e8b465ee728b)
Start importing Assets/Game/Prefabs/Level/WallWithDoor.prefab using Guid(01adf3509f3d94dc58bf1a184d8da627) Importer(815301076,1909f56bfc062723c751e8b465ee728b)  -> (artifact id: '1cc40b9a87f8b56c5d6aa0e50342170c') in 0.327617 seconds 
  Import took 0.338849 seconds .

========================================================================
Received Import Request.
  Time since last request: 18.065508 seconds.
  path: Assets/Game/Prefabs/Level/WallWithDoor.prefab
  artifactKey: Guid(01adf3509f3d94dc58bf1a184d8da627) Importer(815301076,1909f56bfc062723c751e8b465ee728b)
Start importing Assets/Game/Prefabs/Level/WallWithDoor.prefab using Guid(01adf3509f3d94dc58bf1a184d8da627) Importer(815301076,1909f56bfc062723c751e8b465ee728b)  -> (artifact id: 'a187966259b0b9011ad16303074f926a') in 0.085461 seconds 
  Import took 0.096289 seconds .

========================================================================
Received Import Request.
  Time since last request: 10.116045 seconds.
  path: Assets/Game/Prefabs/Level/WallWithDoor.prefab
  artifactKey: Guid(01adf3509f3d94dc58bf1a184d8da627) Importer(815301076,1909f56bfc062723c751e8b465ee728b)
Start importing Assets/Game/Prefabs/Level/WallWithDoor.prefab using Guid(01adf3509f3d94dc58bf1a184d8da627) Importer(815301076,1909f56bfc062723c751e8b465ee728b)  -> (artifact id: '5a0cd29217c78e9e3bf83cbc16c23697') in 0.124026 seconds 
  Import took 0.132350 seconds .

========================================================================
Received Import Request.
  Time since last request: 2.491017 seconds.
  path: Assets/Game/Prefabs/Level/WallWithDoor.prefab
  artifactKey: Guid(01adf3509f3d94dc58bf1a184d8da627) Importer(815301076,1909f56bfc062723c751e8b465ee728b)
Start importing Assets/Game/Prefabs/Level/WallWithDoor.prefab using Guid(01adf3509f3d94dc58bf1a184d8da627) Importer(815301076,1909f56bfc062723c751e8b465ee728b)  -> (artifact id: '9cc4c09b832138b2d2db1c5186fa3ad5') in 0.061364 seconds 
  Import took 0.070456 seconds .

========================================================================
Received Import Request.
  Time since last request: 5.190858 seconds.
  path: Assets/Game/Prefabs/Level/WallWithDoor.prefab
  artifactKey: Guid(01adf3509f3d94dc58bf1a184d8da627) Importer(815301076,1909f56bfc062723c751e8b465ee728b)
Start importing Assets/Game/Prefabs/Level/WallWithDoor.prefab using Guid(01adf3509f3d94dc58bf1a184d8da627) Importer(815301076,1909f56bfc062723c751e8b465ee728b)  -> (artifact id: '981620765d30f39b214b83bab45d8de1') in 0.059640 seconds 
  Import took 0.067541 seconds .

========================================================================
Received Import Request.
  Time since last request: 11.290124 seconds.
  path: Assets/Game/Prefabs/Level/WallWithDoor.prefab
  artifactKey: Guid(01adf3509f3d94dc58bf1a184d8da627) Importer(815301076,1909f56bfc062723c751e8b465ee728b)
Start importing Assets/Game/Prefabs/Level/WallWithDoor.prefab using Guid(01adf3509f3d94dc58bf1a184d8da627) Importer(815301076,1909f56bfc062723c751e8b465ee728b)  -> (artifact id: '3fd5dc439bcb3f7dea079227689a359e') in 0.081100 seconds 
  Import took 0.091043 seconds .

========================================================================
Received Import Request.
  Time since last request: 3.791124 seconds.
  path: Assets/Game/Prefabs/Level/WallWithDoor.prefab
  artifactKey: Guid(01adf3509f3d94dc58bf1a184d8da627) Importer(815301076,1909f56bfc062723c751e8b465ee728b)
Start importing Assets/Game/Prefabs/Level/WallWithDoor.prefab using Guid(01adf3509f3d94dc58bf1a184d8da627) Importer(815301076,1909f56bfc062723c751e8b465ee728b)  -> (artifact id: '83f99f435781cb763a165f50229ff681') in 0.074123 seconds 
  Import took 0.083591 seconds .

========================================================================
Received Import Request.
  Time since last request: 2.950057 seconds.
  path: Assets/Game/Prefabs/Level/WallWithDoor.prefab
  artifactKey: Guid(01adf3509f3d94dc58bf1a184d8da627) Importer(815301076,1909f56bfc062723c751e8b465ee728b)
Start importing Assets/Game/Prefabs/Level/WallWithDoor.prefab using Guid(01adf3509f3d94dc58bf1a184d8da627) Importer(815301076,1909f56bfc062723c751e8b465ee728b)  -> (artifact id: 'cd160af888dc5d03cdf1f4df14818c5a') in 0.071039 seconds 
  Import took 0.081095 seconds .

========================================================================
Received Import Request.
  Time since last request: 9.290661 seconds.
  path: Assets/Game/Prefabs/Level/WallWithDoor.prefab
  artifactKey: Guid(01adf3509f3d94dc58bf1a184d8da627) Importer(815301076,1909f56bfc062723c751e8b465ee728b)
Start importing Assets/Game/Prefabs/Level/WallWithDoor.prefab using Guid(01adf3509f3d94dc58bf1a184d8da627) Importer(815301076,1909f56bfc062723c751e8b465ee728b)  -> (artifact id: 'de9cb10099064fd445317cb27dd51d10') in 0.103075 seconds 
  Import took 0.113235 seconds .

========================================================================
Received Prepare
Registering precompiled user dll's ...
Registered in 0.009480 seconds.
Begin MonoManager ReloadAssembly
Native extension for OSXStandalone target not found
Native extension for WebGL target not found
Refreshing native plugins compatible for Editor in 0.71 ms, found 2 plugins.
Preloading 0 native plugins for Editor in 0.00 ms.
Mono: successfully reloaded assembly
- Completed reload, in  2.219 seconds
Domain Reload Profiling:
	ReloadAssembly (2223ms)
		BeginReloadAssembly (322ms)
			ExecutionOrderSort (0ms)
			DisableScriptedObjects (12ms)
			BackupInstance (0ms)
			ReleaseScriptingObjects (0ms)
			CreateAndSetChildDomain (183ms)
		EndReloadAssembly (1787ms)
			LoadAssemblies (415ms)
			RebuildTransferFunctionScriptingTraits (0ms)
			SetupTypeCache (602ms)
			ReleaseScriptCaches (1ms)
			RebuildScriptCaches (70ms)
			SetupLoadedEditorAssemblies (537ms)
				LogAssemblyErrors (0ms)
				InitializePlatformSupportModulesInManaged (8ms)
				SetLoadedEditorAssemblies (1ms)
				RefreshPlugins (1ms)
				BeforeProcessingInitializeOnLoad (151ms)
				ProcessInitializeOnLoadAttributes (369ms)
				ProcessInitializeOnLoadMethodAttributes (5ms)
				AfterProcessingInitializeOnLoad (2ms)
				EditorAssembliesLoaded (0ms)
			ExecutionOrderSort2 (0ms)
			AwakeInstancesAfterBackupRestoration (13ms)
Platform modules already initialized, skipping
Refreshing native plugins compatible for Editor in 0.67 ms, found 2 plugins.
Preloading 0 native plugins for Editor in 0.00 ms.
Unloading 1810 Unused Serialized files (Serialized files now loaded: 0)
System memory in use before: 217.7 MB.
System memory in use after: 217.8 MB.

Unloading 12 unused Assets to reduce memory usage. Loaded Objects now: 2389.
Total: 3.825704 ms (FindLiveObjects: 0.298222 ms CreateObjectMapping: 0.080498 ms MarkObjects: 3.382397 ms  DeleteObjects: 0.063294 ms)

AssetImportParameters requested are different than current active one (requested -> active):
  custom:video-decoder-ogg-theora: a1e56fd34408186e4bbccfd4996cb3dc -> 
  custom:container-muxer-webm: aa71ff27fc2769a1b78a27578f13a17b -> 
  custom:container-demuxer-webm: 4f35f7cbe854078d1ac9338744f61a02 -> 
  custom:container-demuxer-ogg: 62fdf1f143b41e24485cea50d1cbac27 -> 
  custom:video-encoder-webm-vp8: eb34c28f22e8b96e1ab97ce403110664 -> 
  custom:framework-osx-AVFoundation: e770b220cccbd017edd2c1fefb359320 -> 
  custom:video-decoder-webm-vp8: 9c59270c3fd7afecdb556c50c9e8de78 -> 
  custom:audio-decoder-ogg-vorbis: bf7c407c2cedff20999df2af8eb42d56 -> 
  custom:audio-encoder-webm-vorbis: bf7c407c2cedff20999df2af8eb42d56 -> 
========================================================================
Received Import Request.
  Time since last request: 413.399567 seconds.
  path: Assets/Game/Prefabs/Level/WallWithDoor.prefab
  artifactKey: Guid(01adf3509f3d94dc58bf1a184d8da627) Importer(815301076,1909f56bfc062723c751e8b465ee728b)
Start importing Assets/Game/Prefabs/Level/WallWithDoor.prefab using Guid(01adf3509f3d94dc58bf1a184d8da627) Importer(815301076,1909f56bfc062723c751e8b465ee728b)  -> (artifact id: '2b03ea8e02fb0cea17eb47e13ddfbdae') in 0.321612 seconds 
  Import took 0.329469 seconds .

========================================================================
Received Import Request.
  Time since last request: 1.850455 seconds.
  path: Assets/Game/Prefabs/Level/WallWithDoor.prefab
  artifactKey: Guid(01adf3509f3d94dc58bf1a184d8da627) Importer(815301076,1909f56bfc062723c751e8b465ee728b)
Start importing Assets/Game/Prefabs/Level/WallWithDoor.prefab using Guid(01adf3509f3d94dc58bf1a184d8da627) Importer(815301076,1909f56bfc062723c751e8b465ee728b)  -> (artifact id: '6f22642d46349651fd48547e393ad7de') in 0.089935 seconds 
  Import took 0.105656 seconds .

========================================================================
Received Import Request.
  Time since last request: 3.832777 seconds.
  path: Assets/Game/Prefabs/Level/WallWithDoor.prefab
  artifactKey: Guid(01adf3509f3d94dc58bf1a184d8da627) Importer(815301076,1909f56bfc062723c751e8b465ee728b)
Start importing Assets/Game/Prefabs/Level/WallWithDoor.prefab using Guid(01adf3509f3d94dc58bf1a184d8da627) Importer(815301076,1909f56bfc062723c751e8b465ee728b)  -> (artifact id: 'f480b49f82a4e697656488a7c19d9273') in 0.085170 seconds 
  Import took 0.096501 seconds .

========================================================================
Received Import Request.
  Time since last request: 6.813044 seconds.
  path: Assets/Game/Prefabs/Level/WallWithDoor.prefab
  artifactKey: Guid(01adf3509f3d94dc58bf1a184d8da627) Importer(815301076,1909f56bfc062723c751e8b465ee728b)
Start importing Assets/Game/Prefabs/Level/WallWithDoor.prefab using Guid(01adf3509f3d94dc58bf1a184d8da627) Importer(815301076,1909f56bfc062723c751e8b465ee728b)  -> (artifact id: 'ca3d14f73948c8374caebcace9cd8ca1') in 0.096237 seconds 
  Import took 0.108482 seconds .

========================================================================
Received Import Request.
  Time since last request: 3.781837 seconds.
  path: Assets/Game/Prefabs/Level/WallWithDoor.prefab
  artifactKey: Guid(01adf3509f3d94dc58bf1a184d8da627) Importer(815301076,1909f56bfc062723c751e8b465ee728b)
Start importing Assets/Game/Prefabs/Level/WallWithDoor.prefab using Guid(01adf3509f3d94dc58bf1a184d8da627) Importer(815301076,1909f56bfc062723c751e8b465ee728b)  -> (artifact id: 'f16dafd6e0cc7841936bc30958222714') in 0.072593 seconds 
  Import took 0.081921 seconds .

========================================================================
Received Import Request.
  Time since last request: 5.432353 seconds.
  path: Assets/Game/Prefabs/Level/WallWithDoor.prefab
  artifactKey: Guid(01adf3509f3d94dc58bf1a184d8da627) Importer(815301076,1909f56bfc062723c751e8b465ee728b)
Start importing Assets/Game/Prefabs/Level/WallWithDoor.prefab using Guid(01adf3509f3d94dc58bf1a184d8da627) Importer(815301076,1909f56bfc062723c751e8b465ee728b)  -> (artifact id: '1045909bd09267152fa4898257ddb601') in 0.089265 seconds 
  Import took 0.101005 seconds .

========================================================================
Received Import Request.
  Time since last request: 4.183082 seconds.
  path: Assets/Game/Prefabs/Level/WallWithDoor.prefab
  artifactKey: Guid(01adf3509f3d94dc58bf1a184d8da627) Importer(815301076,1909f56bfc062723c751e8b465ee728b)
Start importing Assets/Game/Prefabs/Level/WallWithDoor.prefab using Guid(01adf3509f3d94dc58bf1a184d8da627) Importer(815301076,1909f56bfc062723c751e8b465ee728b)  -> (artifact id: '6f157c175154d379bc7674cf1a8df71b') in 0.085077 seconds 
  Import took 0.095397 seconds .

========================================================================
Received Import Request.
  Time since last request: 2.762597 seconds.
  path: Assets/Game/Prefabs/Level/WallWithDoor.prefab
  artifactKey: Guid(01adf3509f3d94dc58bf1a184d8da627) Importer(815301076,1909f56bfc062723c751e8b465ee728b)
Start importing Assets/Game/Prefabs/Level/WallWithDoor.prefab using Guid(01adf3509f3d94dc58bf1a184d8da627) Importer(815301076,1909f56bfc062723c751e8b465ee728b)  -> (artifact id: 'f7df23ea757ad9556acebfc95e0c4ca3') in 0.078089 seconds 
  Import took 0.090394 seconds .

========================================================================
Received Import Request.
  Time since last request: 1.744256 seconds.
  path: Assets/Game/Prefabs/Level/WallWithDoor.prefab
  artifactKey: Guid(01adf3509f3d94dc58bf1a184d8da627) Importer(815301076,1909f56bfc062723c751e8b465ee728b)
Start importing Assets/Game/Prefabs/Level/WallWithDoor.prefab using Guid(01adf3509f3d94dc58bf1a184d8da627) Importer(815301076,1909f56bfc062723c751e8b465ee728b)  -> (artifact id: 'd2f7c40a1eb863ec879c8ff34e9c04dc') in 0.060073 seconds 
  Import took 0.070433 seconds .

========================================================================
Received Import Request.
  Time since last request: 5.090010 seconds.
  path: Assets/Game/Prefabs/Level/WallWithDoor.prefab
  artifactKey: Guid(01adf3509f3d94dc58bf1a184d8da627) Importer(815301076,1909f56bfc062723c751e8b465ee728b)
Start importing Assets/Game/Prefabs/Level/WallWithDoor.prefab using Guid(01adf3509f3d94dc58bf1a184d8da627) Importer(815301076,1909f56bfc062723c751e8b465ee728b)  -> (artifact id: '1da307831869e123fb10fd08c8a5798e') in 0.075683 seconds 
  Import took 0.086555 seconds .

========================================================================
Received Prepare
Registering precompiled user dll's ...
Registered in 0.012316 seconds.
Begin MonoManager ReloadAssembly
Native extension for OSXStandalone target not found
Native extension for WebGL target not found
Refreshing native plugins compatible for Editor in 1.00 ms, found 2 plugins.
Preloading 0 native plugins for Editor in 0.00 ms.
Mono: successfully reloaded assembly
- Completed reload, in  2.226 seconds
Domain Reload Profiling:
	ReloadAssembly (2230ms)
		BeginReloadAssembly (304ms)
			ExecutionOrderSort (0ms)
			DisableScriptedObjects (17ms)
			BackupInstance (0ms)
			ReleaseScriptingObjects (0ms)
			CreateAndSetChildDomain (182ms)
		EndReloadAssembly (1815ms)
			LoadAssemblies (412ms)
			RebuildTransferFunctionScriptingTraits (0ms)
			SetupTypeCache (502ms)
			ReleaseScriptCaches (2ms)
			RebuildScriptCaches (75ms)
			SetupLoadedEditorAssemblies (615ms)
				LogAssemblyErrors (0ms)
				InitializePlatformSupportModulesInManaged (9ms)
				SetLoadedEditorAssemblies (1ms)
				RefreshPlugins (1ms)
				BeforeProcessingInitializeOnLoad (186ms)
				ProcessInitializeOnLoadAttributes (407ms)
				ProcessInitializeOnLoadMethodAttributes (9ms)
				AfterProcessingInitializeOnLoad (3ms)
				EditorAssembliesLoaded (1ms)
			ExecutionOrderSort2 (0ms)
			AwakeInstancesAfterBackupRestoration (14ms)
Platform modules already initialized, skipping
Refreshing native plugins compatible for Editor in 0.66 ms, found 2 plugins.
Preloading 0 native plugins for Editor in 0.00 ms.
Unloading 1810 Unused Serialized files (Serialized files now loaded: 0)
System memory in use before: 217.9 MB.
System memory in use after: 218.0 MB.

Unloading 12 unused Assets to reduce memory usage. Loaded Objects now: 2392.
Total: 4.888289 ms (FindLiveObjects: 0.696476 ms CreateObjectMapping: 0.163961 ms MarkObjects: 3.959875 ms  DeleteObjects: 0.064816 ms)

AssetImportParameters requested are different than current active one (requested -> active):
  custom:video-decoder-ogg-theora: a1e56fd34408186e4bbccfd4996cb3dc -> 
  custom:container-muxer-webm: aa71ff27fc2769a1b78a27578f13a17b -> 
  custom:container-demuxer-webm: 4f35f7cbe854078d1ac9338744f61a02 -> 
  custom:container-demuxer-ogg: 62fdf1f143b41e24485cea50d1cbac27 -> 
  custom:video-encoder-webm-vp8: eb34c28f22e8b96e1ab97ce403110664 -> 
  custom:framework-osx-AVFoundation: e770b220cccbd017edd2c1fefb359320 -> 
  custom:video-decoder-webm-vp8: 9c59270c3fd7afecdb556c50c9e8de78 -> 
  custom:audio-decoder-ogg-vorbis: bf7c407c2cedff20999df2af8eb42d56 -> 
  custom:audio-encoder-webm-vorbis: bf7c407c2cedff20999df2af8eb42d56 -> 
========================================================================
Received Import Request.
  Time since last request: 273.841988 seconds.
  path: Assets/Game/Prefabs/Characters/Kidnapper.prefab
  artifactKey: Guid(1435a553814de41ed863ccbc4e0d6b4d) Importer(815301076,1909f56bfc062723c751e8b465ee728b)
Start importing Assets/Game/Prefabs/Characters/Kidnapper.prefab using Guid(1435a553814de41ed863ccbc4e0d6b4d) Importer(815301076,1909f56bfc062723c751e8b465ee728b)  -> (artifact id: 'a2229b0468b6924570e9b4f9e88a8174') in 0.404563 seconds 
  Import took 0.413988 seconds .

========================================================================
Received Import Request.
  Time since last request: 36.452701 seconds.
  path: Assets/Game/Prefabs/Characters/Kidnapper.prefab
  artifactKey: Guid(1435a553814de41ed863ccbc4e0d6b4d) Importer(815301076,1909f56bfc062723c751e8b465ee728b)
Start importing Assets/Game/Prefabs/Characters/Kidnapper.prefab using Guid(1435a553814de41ed863ccbc4e0d6b4d) Importer(815301076,1909f56bfc062723c751e8b465ee728b)  -> (artifact id: '1d3de9de1acfdc0073845a3a98214148') in 0.153430 seconds 
  Import took 0.160114 seconds .

========================================================================
Received Import Request.
  Time since last request: 38.309099 seconds.
  path: Assets/Other/DoorTransparent.mat
  artifactKey: Guid(096a196b6a210495488fac254e880abc) Importer(815301076,1909f56bfc062723c751e8b465ee728b)
Start importing Assets/Other/DoorTransparent.mat using Guid(096a196b6a210495488fac254e880abc) Importer(815301076,1909f56bfc062723c751e8b465ee728b)  -> (artifact id: '11f387a4c0f43a807dbe24e8947f2620') in 0.087519 seconds 
  Import took 0.119525 seconds .

========================================================================
Received Prepare
Registering precompiled user dll's ...
Registered in 0.013610 seconds.
Begin MonoManager ReloadAssembly
Native extension for OSXStandalone target not found
Native extension for WebGL target not found
Refreshing native plugins compatible for Editor in 1.15 ms, found 2 plugins.
Preloading 0 native plugins for Editor in 0.00 ms.
Mono: successfully reloaded assembly
- Completed reload, in  2.061 seconds
Domain Reload Profiling:
	ReloadAssembly (2063ms)
		BeginReloadAssembly (350ms)
			ExecutionOrderSort (0ms)
			DisableScriptedObjects (12ms)
			BackupInstance (0ms)
			ReleaseScriptingObjects (0ms)
			CreateAndSetChildDomain (191ms)
		EndReloadAssembly (1586ms)
			LoadAssemblies (239ms)
			RebuildTransferFunctionScriptingTraits (0ms)
			SetupTypeCache (530ms)
			ReleaseScriptCaches (2ms)
			RebuildScriptCaches (72ms)
			SetupLoadedEditorAssemblies (584ms)
				LogAssemblyErrors (0ms)
				InitializePlatformSupportModulesInManaged (8ms)
				SetLoadedEditorAssemblies (1ms)
				RefreshPlugins (1ms)
				BeforeProcessingInitializeOnLoad (171ms)
				ProcessInitializeOnLoadAttributes (393ms)
				ProcessInitializeOnLoadMethodAttributes (5ms)
				AfterProcessingInitializeOnLoad (4ms)
				EditorAssembliesLoaded (0ms)
			ExecutionOrderSort2 (0ms)
			AwakeInstancesAfterBackupRestoration (12ms)
Platform modules already initialized, skipping
Refreshing native plugins compatible for Editor in 0.65 ms, found 2 plugins.
Preloading 0 native plugins for Editor in 0.00 ms.
Unloading 1810 Unused Serialized files (Serialized files now loaded: 0)
System memory in use before: 232.0 MB.
System memory in use after: 232.1 MB.

Unloading 12 unused Assets to reduce memory usage. Loaded Objects now: 2396.
Total: 4.537196 ms (FindLiveObjects: 0.512948 ms CreateObjectMapping: 0.174671 ms MarkObjects: 3.587646 ms  DeleteObjects: 0.259971 ms)

AssetImportParameters requested are different than current active one (requested -> active):
  custom:video-decoder-ogg-theora: a1e56fd34408186e4bbccfd4996cb3dc -> 
  custom:container-muxer-webm: aa71ff27fc2769a1b78a27578f13a17b -> 
  custom:container-demuxer-webm: 4f35f7cbe854078d1ac9338744f61a02 -> 
  custom:container-demuxer-ogg: 62fdf1f143b41e24485cea50d1cbac27 -> 
  custom:video-encoder-webm-vp8: eb34c28f22e8b96e1ab97ce403110664 -> 
  custom:framework-osx-AVFoundation: e770b220cccbd017edd2c1fefb359320 -> 
  custom:video-decoder-webm-vp8: 9c59270c3fd7afecdb556c50c9e8de78 -> 
  custom:audio-decoder-ogg-vorbis: bf7c407c2cedff20999df2af8eb42d56 -> 
  custom:audio-encoder-webm-vorbis: bf7c407c2cedff20999df2af8eb42d56 -> 
========================================================================
Received Prepare
Registering precompiled user dll's ...
Registered in 0.003466 seconds.
Begin MonoManager ReloadAssembly
Native extension for OSXStandalone target not found
Native extension for WebGL target not found
Refreshing native plugins compatible for Editor in 0.71 ms, found 2 plugins.
Preloading 0 native plugins for Editor in 0.00 ms.
Mono: successfully reloaded assembly
- Completed reload, in  1.762 seconds
Domain Reload Profiling:
	ReloadAssembly (1763ms)
		BeginReloadAssembly (189ms)
			ExecutionOrderSort (0ms)
			DisableScriptedObjects (6ms)
			BackupInstance (0ms)
			ReleaseScriptingObjects (0ms)
			CreateAndSetChildDomain (94ms)
		EndReloadAssembly (1464ms)
			LoadAssemblies (128ms)
			RebuildTransferFunctionScriptingTraits (0ms)
			SetupTypeCache (519ms)
			ReleaseScriptCaches (1ms)
			RebuildScriptCaches (90ms)
			SetupLoadedEditorAssemblies (504ms)
				LogAssemblyErrors (0ms)
				InitializePlatformSupportModulesInManaged (11ms)
				SetLoadedEditorAssemblies (1ms)
				RefreshPlugins (1ms)
				BeforeProcessingInitializeOnLoad (155ms)
				ProcessInitializeOnLoadAttributes (329ms)
				ProcessInitializeOnLoadMethodAttributes (5ms)
				AfterProcessingInitializeOnLoad (2ms)
				EditorAssembliesLoaded (0ms)
			ExecutionOrderSort2 (0ms)
			AwakeInstancesAfterBackupRestoration (11ms)
Platform modules already initialized, skipping
Refreshing native plugins compatible for Editor in 0.68 ms, found 2 plugins.
Preloading 0 native plugins for Editor in 0.00 ms.
Unloading 1810 Unused Serialized files (Serialized files now loaded: 0)
System memory in use before: 232.2 MB.
System memory in use after: 232.3 MB.

Unloading 11 unused Assets to reduce memory usage. Loaded Objects now: 2398.
Total: 4.528989 ms (FindLiveObjects: 0.263502 ms CreateObjectMapping: 0.087091 ms MarkObjects: 4.154665 ms  DeleteObjects: 0.022391 ms)

AssetImportParameters requested are different than current active one (requested -> active):
  custom:video-decoder-ogg-theora: a1e56fd34408186e4bbccfd4996cb3dc -> 
  custom:container-muxer-webm: aa71ff27fc2769a1b78a27578f13a17b -> 
  custom:container-demuxer-webm: 4f35f7cbe854078d1ac9338744f61a02 -> 
  custom:container-demuxer-ogg: 62fdf1f143b41e24485cea50d1cbac27 -> 
  custom:video-encoder-webm-vp8: eb34c28f22e8b96e1ab97ce403110664 -> 
  custom:framework-osx-AVFoundation: e770b220cccbd017edd2c1fefb359320 -> 
  custom:video-decoder-webm-vp8: 9c59270c3fd7afecdb556c50c9e8de78 -> 
  custom:audio-decoder-ogg-vorbis: bf7c407c2cedff20999df2af8eb42d56 -> 
  custom:audio-encoder-webm-vorbis: bf7c407c2cedff20999df2af8eb42d56 -> 
========================================================================
Received Prepare
Registering precompiled user dll's ...
Registered in 0.006710 seconds.
Begin MonoManager ReloadAssembly
Native extension for OSXStandalone target not found
Native extension for WebGL target not found
Refreshing native plugins compatible for Editor in 0.83 ms, found 2 plugins.
Preloading 0 native plugins for Editor in 0.00 ms.
Mono: successfully reloaded assembly
- Completed reload, in  1.689 seconds
Domain Reload Profiling:
	ReloadAssembly (1690ms)
		BeginReloadAssembly (239ms)
			ExecutionOrderSort (0ms)
			DisableScriptedObjects (7ms)
			BackupInstance (0ms)
			ReleaseScriptingObjects (0ms)
			CreateAndSetChildDomain (111ms)
		EndReloadAssembly (1354ms)
			LoadAssemblies (266ms)
			RebuildTransferFunctionScriptingTraits (0ms)
			SetupTypeCache (419ms)
			ReleaseScriptCaches (1ms)
			RebuildScriptCaches (64ms)
			SetupLoadedEditorAssemblies (455ms)
				LogAssemblyErrors (0ms)
				InitializePlatformSupportModulesInManaged (7ms)
				SetLoadedEditorAssemblies (1ms)
				RefreshPlugins (1ms)
				BeforeProcessingInitializeOnLoad (155ms)
				ProcessInitializeOnLoadAttributes (284ms)
				ProcessInitializeOnLoadMethodAttributes (5ms)
				AfterProcessingInitializeOnLoad (2ms)
				EditorAssembliesLoaded (0ms)
			ExecutionOrderSort2 (0ms)
			AwakeInstancesAfterBackupRestoration (10ms)
Platform modules already initialized, skipping
Refreshing native plugins compatible for Editor in 0.70 ms, found 2 plugins.
Preloading 0 native plugins for Editor in 0.00 ms.
Unloading 1810 Unused Serialized files (Serialized files now loaded: 0)
System memory in use before: 232.4 MB.
System memory in use after: 232.5 MB.

Unloading 11 unused Assets to reduce memory usage. Loaded Objects now: 2400.
Total: 3.359093 ms (FindLiveObjects: 0.238636 ms CreateObjectMapping: 0.076599 ms MarkObjects: 3.016847 ms  DeleteObjects: 0.026092 ms)

AssetImportParameters requested are different than current active one (requested -> active):
  custom:video-decoder-ogg-theora: a1e56fd34408186e4bbccfd4996cb3dc -> 
  custom:container-muxer-webm: aa71ff27fc2769a1b78a27578f13a17b -> 
  custom:container-demuxer-webm: 4f35f7cbe854078d1ac9338744f61a02 -> 
  custom:container-demuxer-ogg: 62fdf1f143b41e24485cea50d1cbac27 -> 
  custom:video-encoder-webm-vp8: eb34c28f22e8b96e1ab97ce403110664 -> 
  custom:framework-osx-AVFoundation: e770b220cccbd017edd2c1fefb359320 -> 
  custom:video-decoder-webm-vp8: 9c59270c3fd7afecdb556c50c9e8de78 -> 
  custom:audio-decoder-ogg-vorbis: bf7c407c2cedff20999df2af8eb42d56 -> 
  custom:audio-encoder-webm-vorbis: bf7c407c2cedff20999df2af8eb42d56 -> 
AssetImportWorkerClient::OnTransportError - code=2 error=End of file
